
*** Running vivado
    with args -log neuronio_gmbh.vds -m64 -product Vivado -mode batch -messageDb vivado.pb -notrace -source neuronio_gmbh.tcl


****** Vivado v2018.3 (64-bit)
  **** SW Build 2405991 on Thu Dec  6 23:38:27 MST 2018
  **** IP Build 2404404 on Fri Dec  7 01:43:56 MST 2018
    ** Copyright 1986-2018 Xilinx, Inc. All Rights Reserved.

source neuronio_gmbh.tcl -notrace
Command: synth_design -top neuronio_gmbh -part xc7a35tcpg236-1
Starting synth_design
Attempting to get a license for feature 'Synthesis' and/or device 'xc7a35t'
INFO: [Common 17-349] Got license for feature 'Synthesis' and/or device 'xc7a35t'
INFO: Launching helper process for spawning children vivado processes
INFO: Helper process launched with PID 4888 
---------------------------------------------------------------------------------
Starting RTL Elaboration : Time (s): cpu = 00:00:04 ; elapsed = 00:00:04 . Memory (MB): peak = 375.004 ; gain = 100.156
---------------------------------------------------------------------------------
INFO: [Synth 8-638] synthesizing module 'neuronio_gmbh' [C:/Users/Leonardo/Documents/Arquivos Leonardo/UnB/9 Semestre/Projeto de Circuitos Reconfiguraveis/PCR/Listas_de_Exercicios/neuronio_gmbh/neuronio_gmbh.srcs/sources_1/new/neuronio_gmbh.vhd:49]
INFO: [Synth 8-3491] module 'multiplierfsm_v2' declared at 'C:/Users/Leonardo/Documents/Arquivos Leonardo/UnB/9 Semestre/Projeto de Circuitos Reconfiguraveis/PCR/Listas_de_Exercicios/neuronio_gmbh/neuronio_gmbh.srcs/sources_1/imports/simauto/multiplierfsm_v2.vhd:26' bound to instance 'mul' of component 'multiplierfsm_v2' [C:/Users/Leonardo/Documents/Arquivos Leonardo/UnB/9 Semestre/Projeto de Circuitos Reconfiguraveis/PCR/Listas_de_Exercicios/neuronio_gmbh/neuronio_gmbh.srcs/sources_1/new/neuronio_gmbh.vhd:66]
INFO: [Synth 8-638] synthesizing module 'multiplierfsm_v2' [C:/Users/Leonardo/Documents/Arquivos Leonardo/UnB/9 Semestre/Projeto de Circuitos Reconfiguraveis/PCR/Listas_de_Exercicios/neuronio_gmbh/neuronio_gmbh.srcs/sources_1/imports/simauto/multiplierfsm_v2.vhd:36]
WARNING: [Synth 8-614] signal 's_mul_man' is read in the process but is not in the sensitivity list [C:/Users/Leonardo/Documents/Arquivos Leonardo/UnB/9 Semestre/Projeto de Circuitos Reconfiguraveis/PCR/Listas_de_Exercicios/neuronio_gmbh/neuronio_gmbh.srcs/sources_1/imports/simauto/multiplierfsm_v2.vhd:64]
WARNING: [Synth 8-614] signal 's_add_exp' is read in the process but is not in the sensitivity list [C:/Users/Leonardo/Documents/Arquivos Leonardo/UnB/9 Semestre/Projeto de Circuitos Reconfiguraveis/PCR/Listas_de_Exercicios/neuronio_gmbh/neuronio_gmbh.srcs/sources_1/imports/simauto/multiplierfsm_v2.vhd:64]
INFO: [Synth 8-256] done synthesizing module 'multiplierfsm_v2' (1#1) [C:/Users/Leonardo/Documents/Arquivos Leonardo/UnB/9 Semestre/Projeto de Circuitos Reconfiguraveis/PCR/Listas_de_Exercicios/neuronio_gmbh/neuronio_gmbh.srcs/sources_1/imports/simauto/multiplierfsm_v2.vhd:36]
INFO: [Synth 8-3491] module 'multiplierfsm_v2' declared at 'C:/Users/Leonardo/Documents/Arquivos Leonardo/UnB/9 Semestre/Projeto de Circuitos Reconfiguraveis/PCR/Listas_de_Exercicios/neuronio_gmbh/neuronio_gmbh.srcs/sources_1/imports/simauto/multiplierfsm_v2.vhd:26' bound to instance 'mul' of component 'multiplierfsm_v2' [C:/Users/Leonardo/Documents/Arquivos Leonardo/UnB/9 Semestre/Projeto de Circuitos Reconfiguraveis/PCR/Listas_de_Exercicios/neuronio_gmbh/neuronio_gmbh.srcs/sources_1/new/neuronio_gmbh.vhd:66]
INFO: [Synth 8-3491] module 'multiplierfsm_v2' declared at 'C:/Users/Leonardo/Documents/Arquivos Leonardo/UnB/9 Semestre/Projeto de Circuitos Reconfiguraveis/PCR/Listas_de_Exercicios/neuronio_gmbh/neuronio_gmbh.srcs/sources_1/imports/simauto/multiplierfsm_v2.vhd:26' bound to instance 'mul' of component 'multiplierfsm_v2' [C:/Users/Leonardo/Documents/Arquivos Leonardo/UnB/9 Semestre/Projeto de Circuitos Reconfiguraveis/PCR/Listas_de_Exercicios/neuronio_gmbh/neuronio_gmbh.srcs/sources_1/new/neuronio_gmbh.vhd:66]
INFO: [Synth 8-3491] module 'addsubfsm_v6' declared at 'C:/Users/Leonardo/Documents/Arquivos Leonardo/UnB/9 Semestre/Projeto de Circuitos Reconfiguraveis/PCR/Listas_de_Exercicios/neuronio_gmbh/neuronio_gmbh.srcs/sources_1/imports/simauto/addsubfsm_v6.vhd:17' bound to instance 'add' of component 'addsubfsm_v6' [C:/Users/Leonardo/Documents/Arquivos Leonardo/UnB/9 Semestre/Projeto de Circuitos Reconfiguraveis/PCR/Listas_de_Exercicios/neuronio_gmbh/neuronio_gmbh.srcs/sources_1/new/neuronio_gmbh.vhd:77]
INFO: [Synth 8-638] synthesizing module 'addsubfsm_v6' [C:/Users/Leonardo/Documents/Arquivos Leonardo/UnB/9 Semestre/Projeto de Circuitos Reconfiguraveis/PCR/Listas_de_Exercicios/neuronio_gmbh/neuronio_gmbh.srcs/sources_1/imports/simauto/addsubfsm_v6.vhd:28]
WARNING: [Synth 8-6014] Unused sequential element sl_reg was removed.  [C:/Users/Leonardo/Documents/Arquivos Leonardo/UnB/9 Semestre/Projeto de Circuitos Reconfiguraveis/PCR/Listas_de_Exercicios/neuronio_gmbh/neuronio_gmbh.srcs/sources_1/imports/simauto/addsubfsm_v6.vhd:118]
WARNING: [Synth 8-6014] Unused sequential element sign_reg was removed.  [C:/Users/Leonardo/Documents/Arquivos Leonardo/UnB/9 Semestre/Projeto de Circuitos Reconfiguraveis/PCR/Listas_de_Exercicios/neuronio_gmbh/neuronio_gmbh.srcs/sources_1/imports/simauto/addsubfsm_v6.vhd:200]
WARNING: [Synth 8-6014] Unused sequential element s_res_exp_reg was removed.  [C:/Users/Leonardo/Documents/Arquivos Leonardo/UnB/9 Semestre/Projeto de Circuitos Reconfiguraveis/PCR/Listas_de_Exercicios/neuronio_gmbh/neuronio_gmbh.srcs/sources_1/imports/simauto/addsubfsm_v6.vhd:201]
WARNING: [Synth 8-6014] Unused sequential element out_man_reg was removed.  [C:/Users/Leonardo/Documents/Arquivos Leonardo/UnB/9 Semestre/Projeto de Circuitos Reconfiguraveis/PCR/Listas_de_Exercicios/neuronio_gmbh/neuronio_gmbh.srcs/sources_1/imports/simauto/addsubfsm_v6.vhd:202]
WARNING: [Synth 8-6014] Unused sequential element pos_reg was removed.  [C:/Users/Leonardo/Documents/Arquivos Leonardo/UnB/9 Semestre/Projeto de Circuitos Reconfiguraveis/PCR/Listas_de_Exercicios/neuronio_gmbh/neuronio_gmbh.srcs/sources_1/imports/simauto/addsubfsm_v6.vhd:226]
INFO: [Synth 8-256] done synthesizing module 'addsubfsm_v6' (2#1) [C:/Users/Leonardo/Documents/Arquivos Leonardo/UnB/9 Semestre/Projeto de Circuitos Reconfiguraveis/PCR/Listas_de_Exercicios/neuronio_gmbh/neuronio_gmbh.srcs/sources_1/imports/simauto/addsubfsm_v6.vhd:28]
INFO: [Synth 8-3491] module 'addsubfsm_v6' declared at 'C:/Users/Leonardo/Documents/Arquivos Leonardo/UnB/9 Semestre/Projeto de Circuitos Reconfiguraveis/PCR/Listas_de_Exercicios/neuronio_gmbh/neuronio_gmbh.srcs/sources_1/imports/simauto/addsubfsm_v6.vhd:17' bound to instance 'add' of component 'addsubfsm_v6' [C:/Users/Leonardo/Documents/Arquivos Leonardo/UnB/9 Semestre/Projeto de Circuitos Reconfiguraveis/PCR/Listas_de_Exercicios/neuronio_gmbh/neuronio_gmbh.srcs/sources_1/new/neuronio_gmbh.vhd:77]
INFO: [Synth 8-256] done synthesizing module 'neuronio_gmbh' (3#1) [C:/Users/Leonardo/Documents/Arquivos Leonardo/UnB/9 Semestre/Projeto de Circuitos Reconfiguraveis/PCR/Listas_de_Exercicios/neuronio_gmbh/neuronio_gmbh.srcs/sources_1/new/neuronio_gmbh.vhd:49]
---------------------------------------------------------------------------------
Finished RTL Elaboration : Time (s): cpu = 00:00:05 ; elapsed = 00:00:06 . Memory (MB): peak = 426.820 ; gain = 151.973
---------------------------------------------------------------------------------

Report Check Netlist: 
+------+------------------+-------+---------+-------+------------------+
|      |Item              |Errors |Warnings |Status |Description       |
+------+------------------+-------+---------+-------+------------------+
|1     |multi_driven_nets |      0|        0|Passed |Multi driven nets |
+------+------------------+-------+---------+-------+------------------+
---------------------------------------------------------------------------------
Start Handling Custom Attributes
---------------------------------------------------------------------------------
---------------------------------------------------------------------------------
Finished Handling Custom Attributes : Time (s): cpu = 00:00:06 ; elapsed = 00:00:06 . Memory (MB): peak = 426.820 ; gain = 151.973
---------------------------------------------------------------------------------
---------------------------------------------------------------------------------
Finished RTL Optimization Phase 1 : Time (s): cpu = 00:00:06 ; elapsed = 00:00:06 . Memory (MB): peak = 426.820 ; gain = 151.973
---------------------------------------------------------------------------------
INFO: [Device 21-403] Loading part xc7a35tcpg236-1
INFO: [Project 1-570] Preparing netlist for logic optimization

Processing XDC Constraints
Initializing timing engine
Parsing XDC File [C:/Users/Leonardo/Documents/Arquivos Leonardo/UnB/9 Semestre/Projeto de Circuitos Reconfiguraveis/PCR/Listas_de_Exercicios/neuronio_gmbh/neuronio_gmbh.srcs/constrs_1/imports/basys3_master/Basys3_Master.xdc]
Finished Parsing XDC File [C:/Users/Leonardo/Documents/Arquivos Leonardo/UnB/9 Semestre/Projeto de Circuitos Reconfiguraveis/PCR/Listas_de_Exercicios/neuronio_gmbh/neuronio_gmbh.srcs/constrs_1/imports/basys3_master/Basys3_Master.xdc]
Completed Processing XDC Constraints

Netlist sorting complete. Time (s): cpu = 00:00:00 ; elapsed = 00:00:00.001 . Memory (MB): peak = 747.313 ; gain = 0.000
INFO: [Project 1-111] Unisim Transformation Summary:
No Unisim elements were transformed.

Netlist sorting complete. Time (s): cpu = 00:00:00 ; elapsed = 00:00:00.001 . Memory (MB): peak = 747.313 ; gain = 0.000
WARNING: [Constraints 18-5210] No constraints selected for write.
Resolution: This message can indicate that there are no constraints for the design, or it can indicate that the used_in flags are set such that the constraints are ignored. This later case is used when running synth_design to not write synthesis constraints to the resulting checkpoint. Instead, project constraints are read when the synthesized design is opened.
Constraint Validation Runtime : Time (s): cpu = 00:00:00 ; elapsed = 00:00:00.116 . Memory (MB): peak = 748.828 ; gain = 1.516
---------------------------------------------------------------------------------
Finished Constraint Validation : Time (s): cpu = 00:00:20 ; elapsed = 00:00:23 . Memory (MB): peak = 748.828 ; gain = 473.980
---------------------------------------------------------------------------------
---------------------------------------------------------------------------------
Start Loading Part and Timing Information
---------------------------------------------------------------------------------
Loading part: xc7a35tcpg236-1
---------------------------------------------------------------------------------
Finished Loading Part and Timing Information : Time (s): cpu = 00:00:20 ; elapsed = 00:00:23 . Memory (MB): peak = 748.828 ; gain = 473.980
---------------------------------------------------------------------------------
---------------------------------------------------------------------------------
Start Applying 'set_property' XDC Constraints
---------------------------------------------------------------------------------
---------------------------------------------------------------------------------
Finished applying 'set_property' XDC Constraints : Time (s): cpu = 00:00:20 ; elapsed = 00:00:23 . Memory (MB): peak = 748.828 ; gain = 473.980
---------------------------------------------------------------------------------
INFO: [Synth 8-5845] Not enough pipeline registers after wide multiplier. Recommended levels of pipeline registers is 2 [C:/Users/Leonardo/Documents/Arquivos Leonardo/UnB/9 Semestre/Projeto de Circuitos Reconfiguraveis/PCR/Listas_de_Exercicios/neuronio_gmbh/neuronio_gmbh.srcs/sources_1/imports/simauto/multiplierfsm_v2.vhd:129]
INFO: [Synth 8-5818] HDL ADVISOR - The operator resource <adder> is shared. To prevent sharing consider applying a KEEP on the output of the operator [C:/Users/Leonardo/Documents/Arquivos Leonardo/UnB/9 Semestre/Projeto de Circuitos Reconfiguraveis/PCR/Listas_de_Exercicios/neuronio_gmbh/neuronio_gmbh.srcs/sources_1/imports/simauto/addsubfsm_v6.vhd:170]
INFO: [Synth 8-5818] HDL ADVISOR - The operator resource <adder> is shared. To prevent sharing consider applying a KEEP on the output of the operator [C:/Users/Leonardo/Documents/Arquivos Leonardo/UnB/9 Semestre/Projeto de Circuitos Reconfiguraveis/PCR/Listas_de_Exercicios/neuronio_gmbh/neuronio_gmbh.srcs/sources_1/imports/simauto/addsubfsm_v6.vhd:170]
INFO: [Synth 8-802] inferred FSM for state register 'state_reg' in module 'addsubfsm_v6'
INFO: [Synth 8-5544] ROM "update" won't be mapped to Block RAM because address size (2) smaller than threshold (5)
INFO: [Synth 8-5544] ROM "ready_as" won't be mapped to Block RAM because address size (2) smaller than threshold (5)
INFO: [Synth 8-5544] ROM "update" won't be mapped to Block RAM because address size (2) smaller than threshold (5)
INFO: [Synth 8-5544] ROM "ready_as" won't be mapped to Block RAM because address size (2) smaller than threshold (5)
INFO: [Synth 8-5544] ROM "oper" won't be mapped to Block RAM because address size (3) smaller than threshold (5)
INFO: [Synth 8-5544] ROM "pos" won't be mapped to Block RAM because address size (1) smaller than threshold (5)
---------------------------------------------------------------------------------------------------
                   State |                     New Encoding |                Previous Encoding 
---------------------------------------------------------------------------------------------------
                 waiting |                              001 |                               00
                  addsub |                              010 |                               01
                  output |                              100 |                               10
---------------------------------------------------------------------------------------------------
INFO: [Synth 8-3354] encoded FSM with state register 'state_reg' using encoding 'one-hot' in module 'addsubfsm_v6'
---------------------------------------------------------------------------------
Finished RTL Optimization Phase 2 : Time (s): cpu = 00:00:22 ; elapsed = 00:00:24 . Memory (MB): peak = 748.828 ; gain = 473.980
---------------------------------------------------------------------------------

Report RTL Partitions: 
+-+--------------+------------+----------+
| |RTL Partition |Replication |Instances |
+-+--------------+------------+----------+
+-+--------------+------------+----------+
---------------------------------------------------------------------------------
Start RTL Component Statistics 
---------------------------------------------------------------------------------
Detailed RTL Component Info : 
+---Adders : 
	   3 Input     20 Bit       Adders := 2     
	   3 Input      9 Bit       Adders := 6     
	   3 Input      8 Bit       Adders := 6     
	   2 Input      8 Bit       Adders := 2     
+---XORs : 
	   2 Input      1 Bit         XORs := 5     
+---Registers : 
	               27 Bit    Registers := 5     
	               20 Bit    Registers := 2     
	                2 Bit    Registers := 3     
	                1 Bit    Registers := 5     
+---Muxes : 
	   4 Input     27 Bit        Muxes := 3     
	   2 Input     27 Bit        Muxes := 2     
	   2 Input     20 Bit        Muxes := 4     
	   2 Input     19 Bit        Muxes := 16    
	   2 Input     18 Bit        Muxes := 6     
	   2 Input      9 Bit        Muxes := 3     
	   2 Input      8 Bit        Muxes := 13    
	   3 Input      3 Bit        Muxes := 2     
	   2 Input      3 Bit        Muxes := 2     
	   6 Input      2 Bit        Muxes := 3     
	   2 Input      2 Bit        Muxes := 2     
	   4 Input      1 Bit        Muxes := 3     
	   2 Input      1 Bit        Muxes := 58    
	   8 Input      1 Bit        Muxes := 2     
---------------------------------------------------------------------------------
Finished RTL Component Statistics 
---------------------------------------------------------------------------------
---------------------------------------------------------------------------------
Start RTL Hierarchical Component Statistics 
---------------------------------------------------------------------------------
Hierarchical RTL Component report 
Module multiplierfsm_v2 
Detailed RTL Component Info : 
+---Adders : 
	   3 Input      9 Bit       Adders := 2     
+---XORs : 
	   2 Input      1 Bit         XORs := 1     
+---Registers : 
	               27 Bit    Registers := 1     
	                2 Bit    Registers := 1     
	                1 Bit    Registers := 1     
+---Muxes : 
	   4 Input     27 Bit        Muxes := 1     
	   2 Input     18 Bit        Muxes := 2     
	   2 Input      9 Bit        Muxes := 1     
	   2 Input      8 Bit        Muxes := 1     
	   6 Input      2 Bit        Muxes := 1     
	   4 Input      1 Bit        Muxes := 1     
Module addsubfsm_v6 
Detailed RTL Component Info : 
+---Adders : 
	   3 Input     20 Bit       Adders := 1     
	   3 Input      8 Bit       Adders := 3     
	   2 Input      8 Bit       Adders := 1     
+---XORs : 
	   2 Input      1 Bit         XORs := 1     
+---Registers : 
	               27 Bit    Registers := 1     
	               20 Bit    Registers := 1     
	                1 Bit    Registers := 1     
+---Muxes : 
	   2 Input     27 Bit        Muxes := 1     
	   2 Input     20 Bit        Muxes := 2     
	   2 Input     19 Bit        Muxes := 8     
	   2 Input      8 Bit        Muxes := 5     
	   3 Input      3 Bit        Muxes := 1     
	   2 Input      3 Bit        Muxes := 1     
	   2 Input      2 Bit        Muxes := 1     
	   2 Input      1 Bit        Muxes := 29    
	   8 Input      1 Bit        Muxes := 1     
---------------------------------------------------------------------------------
Finished RTL Hierarchical Component Statistics
---------------------------------------------------------------------------------
---------------------------------------------------------------------------------
Start Part Resource Summary
---------------------------------------------------------------------------------
Part Resources:
DSPs: 90 (col length:60)
BRAMs: 100 (col length: RAMB18 60 RAMB36 30)
---------------------------------------------------------------------------------
Finished Part Resource Summary
---------------------------------------------------------------------------------
---------------------------------------------------------------------------------
Start Cross Boundary and Area Optimization
---------------------------------------------------------------------------------
Warning: Parallel synthesis criteria is not met 
DSP Report: Generating DSP multOp, operation Mode is: A*B.
DSP Report: operator multOp is absorbed into DSP multOp.
DSP Report: operator multOp is absorbed into DSP multOp.
DSP Report: Generating DSP multOp, operation Mode is: A*B.
DSP Report: operator multOp is absorbed into DSP multOp.
DSP Report: operator multOp is absorbed into DSP multOp.
DSP Report: Generating DSP multOp, operation Mode is: A*B.
DSP Report: operator multOp is absorbed into DSP multOp.
DSP Report: operator multOp is absorbed into DSP multOp.
INFO: [Synth 8-3333] propagating constant 0 across sequential element (\mult_gen[0].mul/mul_out_reg[26] )
---------------------------------------------------------------------------------
Finished Cross Boundary and Area Optimization : Time (s): cpu = 00:00:41 ; elapsed = 00:00:45 . Memory (MB): peak = 748.828 ; gain = 473.980
---------------------------------------------------------------------------------
---------------------------------------------------------------------------------
Start ROM, RAM, DSP and Shift Register Reporting
---------------------------------------------------------------------------------

DSP: Preliminary Mapping  Report (see note below)
+-----------------+-------------+--------+--------+--------+--------+--------+------+------+------+------+-------+------+------+
|Module Name      | DSP Mapping | A Size | B Size | C Size | D Size | P Size | AREG | BREG | CREG | DREG | ADREG | MREG | PREG | 
+-----------------+-------------+--------+--------+--------+--------+--------+------+------+------+------+-------+------+------+
|multiplierfsm_v2 | A*B         | 20     | 18     | -      | -      | 48     | 0    | 0    | -    | -    | -     | 0    | 0    | 
|multiplierfsm_v2 | A*B         | 20     | 18     | -      | -      | 38     | 0    | 0    | -    | -    | -     | 0    | 0    | 
|multiplierfsm_v2 | A*B         | 20     | 18     | -      | -      | 38     | 0    | 0    | -    | -    | -     | 0    | 0    | 
+-----------------+-------------+--------+--------+--------+--------+--------+------+------+------+------+-------+------+------+

Note: The table above is a preliminary report that shows the DSPs inferred at the current stage of the synthesis flow. Some DSP may be reimplemented as non DSP primitives later in the synthesis flow. Multiple instantiated DSPs are reported only once.
---------------------------------------------------------------------------------
Finished ROM, RAM, DSP and Shift Register Reporting
---------------------------------------------------------------------------------

Report RTL Partitions: 
+-+--------------+------------+----------+
| |RTL Partition |Replication |Instances |
+-+--------------+------------+----------+
+-+--------------+------------+----------+
---------------------------------------------------------------------------------
Start Applying XDC Timing Constraints
---------------------------------------------------------------------------------
---------------------------------------------------------------------------------
Finished Applying XDC Timing Constraints : Time (s): cpu = 00:01:05 ; elapsed = 00:01:10 . Memory (MB): peak = 808.305 ; gain = 533.457
---------------------------------------------------------------------------------
---------------------------------------------------------------------------------
Start Timing Optimization
---------------------------------------------------------------------------------
---------------------------------------------------------------------------------
Finished Timing Optimization : Time (s): cpu = 00:01:05 ; elapsed = 00:01:11 . Memory (MB): peak = 809.262 ; gain = 534.414
---------------------------------------------------------------------------------

Report RTL Partitions: 
+-+--------------+------------+----------+
| |RTL Partition |Replication |Instances |
+-+--------------+------------+----------+
+-+--------------+------------+----------+
---------------------------------------------------------------------------------
Start Technology Mapping
---------------------------------------------------------------------------------
---------------------------------------------------------------------------------
Finished Technology Mapping : Time (s): cpu = 00:01:06 ; elapsed = 00:01:11 . Memory (MB): peak = 847.324 ; gain = 572.477
---------------------------------------------------------------------------------

Report RTL Partitions: 
+-+--------------+------------+----------+
| |RTL Partition |Replication |Instances |
+-+--------------+------------+----------+
+-+--------------+------------+----------+
---------------------------------------------------------------------------------
Start IO Insertion
---------------------------------------------------------------------------------
---------------------------------------------------------------------------------
Start Flattening Before IO Insertion
---------------------------------------------------------------------------------
---------------------------------------------------------------------------------
Finished Flattening Before IO Insertion
---------------------------------------------------------------------------------
---------------------------------------------------------------------------------
Start Final Netlist Cleanup
---------------------------------------------------------------------------------
---------------------------------------------------------------------------------
Finished Final Netlist Cleanup
---------------------------------------------------------------------------------
---------------------------------------------------------------------------------
Finished IO Insertion : Time (s): cpu = 00:01:08 ; elapsed = 00:01:13 . Memory (MB): peak = 847.324 ; gain = 572.477
---------------------------------------------------------------------------------

Report Check Netlist: 
+------+------------------+-------+---------+-------+------------------+
|      |Item              |Errors |Warnings |Status |Description       |
+------+------------------+-------+---------+-------+------------------+
|1     |multi_driven_nets |      0|        0|Passed |Multi driven nets |
+------+------------------+-------+---------+-------+------------------+
---------------------------------------------------------------------------------
Start Renaming Generated Instances
---------------------------------------------------------------------------------
---------------------------------------------------------------------------------
Finished Renaming Generated Instances : Time (s): cpu = 00:01:08 ; elapsed = 00:01:13 . Memory (MB): peak = 847.324 ; gain = 572.477
---------------------------------------------------------------------------------

Report RTL Partitions: 
+-+--------------+------------+----------+
| |RTL Partition |Replication |Instances |
+-+--------------+------------+----------+
+-+--------------+------------+----------+
---------------------------------------------------------------------------------
Start Rebuilding User Hierarchy
---------------------------------------------------------------------------------
---------------------------------------------------------------------------------
Finished Rebuilding User Hierarchy : Time (s): cpu = 00:01:08 ; elapsed = 00:01:13 . Memory (MB): peak = 847.324 ; gain = 572.477
---------------------------------------------------------------------------------
---------------------------------------------------------------------------------
Start Renaming Generated Ports
---------------------------------------------------------------------------------
---------------------------------------------------------------------------------
Finished Renaming Generated Ports : Time (s): cpu = 00:01:08 ; elapsed = 00:01:13 . Memory (MB): peak = 847.324 ; gain = 572.477
---------------------------------------------------------------------------------
---------------------------------------------------------------------------------
Start Handling Custom Attributes
---------------------------------------------------------------------------------
---------------------------------------------------------------------------------
Finished Handling Custom Attributes : Time (s): cpu = 00:01:08 ; elapsed = 00:01:13 . Memory (MB): peak = 847.324 ; gain = 572.477
---------------------------------------------------------------------------------
---------------------------------------------------------------------------------
Start Renaming Generated Nets
---------------------------------------------------------------------------------
---------------------------------------------------------------------------------
Finished Renaming Generated Nets : Time (s): cpu = 00:01:08 ; elapsed = 00:01:13 . Memory (MB): peak = 847.324 ; gain = 572.477
---------------------------------------------------------------------------------
---------------------------------------------------------------------------------
Start Writing Synthesis Report
---------------------------------------------------------------------------------

Report BlackBoxes: 
+-+--------------+----------+
| |BlackBox name |Instances |
+-+--------------+----------+
+-+--------------+----------+

Report Cell Usage: 
+------+----------+------+
|      |Cell      |Count |
+------+----------+------+
|1     |BUFG      |     1|
|2     |CARRY4    |    81|
|3     |DSP48E1   |     2|
|4     |DSP48E1_1 |     1|
|5     |LUT1      |     7|
|6     |LUT2      |   148|
|7     |LUT3      |   163|
|8     |LUT4      |   251|
|9     |LUT5      |   136|
|10    |LUT6      |   342|
|11    |FDRE      |   189|
|12    |FDSE      |     2|
|13    |IBUF      |   111|
|14    |OBUF      |    28|
+------+----------+------+

Report Instance Areas: 
+------+--------------------+-------------------+------+
|      |Instance            |Module             |Cells |
+------+--------------------+-------------------+------+
|1     |top                 |                   |  1462|
|2     |  \add_gen[0].add   |addsubfsm_v6       |   273|
|3     |  \add_gen[1].add   |addsubfsm_v6_0     |   208|
|4     |  \mult_gen[0].mul  |multiplierfsm_v2   |   172|
|5     |  \mult_gen[1].mul  |multiplierfsm_v2_1 |   402|
|6     |  \mult_gen[2].mul  |multiplierfsm_v2_2 |   265|
+------+--------------------+-------------------+------+
---------------------------------------------------------------------------------
Finished Writing Synthesis Report : Time (s): cpu = 00:01:08 ; elapsed = 00:01:13 . Memory (MB): peak = 847.324 ; gain = 572.477
---------------------------------------------------------------------------------
Synthesis finished with 0 errors, 0 critical warnings and 0 warnings.
Synthesis Optimization Runtime : Time (s): cpu = 00:00:53 ; elapsed = 00:01:03 . Memory (MB): peak = 847.324 ; gain = 250.469
Synthesis Optimization Complete : Time (s): cpu = 00:01:08 ; elapsed = 00:01:14 . Memory (MB): peak = 847.324 ; gain = 572.477
INFO: [Project 1-571] Translating synthesized netlist
INFO: [Netlist 29-17] Analyzing 84 Unisim elements for replacement
INFO: [Netlist 29-28] Unisim Transformation completed in 0 CPU seconds
INFO: [Project 1-570] Preparing netlist for logic optimization
INFO: [Opt 31-138] Pushed 0 inverter(s) to 0 load pin(s).
Netlist sorting complete. Time (s): cpu = 00:00:00 ; elapsed = 00:00:00.002 . Memory (MB): peak = 847.324 ; gain = 0.000
INFO: [Project 1-111] Unisim Transformation Summary:
No Unisim elements were transformed.

INFO: [Common 17-83] Releasing license: Synthesis
34 Infos, 8 Warnings, 0 Critical Warnings and 0 Errors encountered.
synth_design completed successfully
synth_design: Time (s): cpu = 00:01:12 ; elapsed = 00:01:17 . Memory (MB): peak = 847.324 ; gain = 584.316
Netlist sorting complete. Time (s): cpu = 00:00:00 ; elapsed = 00:00:00.001 . Memory (MB): peak = 847.324 ; gain = 0.000
WARNING: [Constraints 18-5210] No constraints selected for write.
Resolution: This message can indicate that there are no constraints for the design, or it can indicate that the used_in flags are set such that the constraints are ignored. This later case is used when running synth_design to not write synthesis constraints to the resulting checkpoint. Instead, project constraints are read when the synthesized design is opened.
INFO: [Common 17-1381] The checkpoint 'C:/Users/Leonardo/Documents/Arquivos Leonardo/UnB/9 Semestre/Projeto de Circuitos Reconfiguraveis/PCR/Listas_de_Exercicios/neuronio_gmbh/neuronio_gmbh.runs/synth_1/neuronio_gmbh.dcp' has been generated.
INFO: [runtcl-4] Executing : report_utilization -file neuronio_gmbh_utilization_synth.rpt -pb neuronio_gmbh_utilization_synth.pb
INFO: [Common 17-206] Exiting Vivado at Sun Apr 28 12:51:23 2019...
