Vivado Simulator 2018.3
Time resolution is 1 ps
Warning: FIM DA LEITURA
Time: 9955 ns  Iteration: 0  Process: /tb_neuron/rom_x1  File: C:/Users/Leonardo/Documents/Arquivos Leonardo/UnB/9 Semestre/Projeto de Circuitos Reconfiguraveis/PCR/Listas_de_Exercicios/neuronio/neuronio.srcs/sources_1/imports/simauto/tb_neuron.vhd
Warning: FIM DA LEITURA
Time: 9955 ns  Iteration: 0  Process: /tb_neuron/rom_x2  File: C:/Users/Leonardo/Documents/Arquivos Leonardo/UnB/9 Semestre/Projeto de Circuitos Reconfiguraveis/PCR/Listas_de_Exercicios/neuronio/neuronio.srcs/sources_1/imports/simauto/tb_neuron.vhd
Warning: FIM DA LEITURA
Time: 9955 ns  Iteration: 0  Process: /tb_neuron/rom_x3  File: C:/Users/Leonardo/Documents/Arquivos Leonardo/UnB/9 Semestre/Projeto de Circuitos Reconfiguraveis/PCR/Listas_de_Exercicios/neuronio/neuronio.srcs/sources_1/imports/simauto/tb_neuron.vhd
Warning: FIM DA LEITURA
Time: 9955 ns  Iteration: 0  Process: /tb_neuron/rom_x4  File: C:/Users/Leonardo/Documents/Arquivos Leonardo/UnB/9 Semestre/Projeto de Circuitos Reconfiguraveis/PCR/Listas_de_Exercicios/neuronio/neuronio.srcs/sources_1/imports/simauto/tb_neuron.vhd
Warning: FIM DA LEITURA
Time: 9955 ns  Iteration: 0  Process: /tb_neuron/rom_w1  File: C:/Users/Leonardo/Documents/Arquivos Leonardo/UnB/9 Semestre/Projeto de Circuitos Reconfiguraveis/PCR/Listas_de_Exercicios/neuronio/neuronio.srcs/sources_1/imports/simauto/tb_neuron.vhd
Warning: FIM DA LEITURA
Time: 9955 ns  Iteration: 0  Process: /tb_neuron/rom_w2  File: C:/Users/Leonardo/Documents/Arquivos Leonardo/UnB/9 Semestre/Projeto de Circuitos Reconfiguraveis/PCR/Listas_de_Exercicios/neuronio/neuronio.srcs/sources_1/imports/simauto/tb_neuron.vhd
Warning: FIM DA LEITURA
Time: 9955 ns  Iteration: 0  Process: /tb_neuron/rom_w3  File: C:/Users/Leonardo/Documents/Arquivos Leonardo/UnB/9 Semestre/Projeto de Circuitos Reconfiguraveis/PCR/Listas_de_Exercicios/neuronio/neuronio.srcs/sources_1/imports/simauto/tb_neuron.vhd
Warning: FIM DA LEITURA
Time: 9955 ns  Iteration: 0  Process: /tb_neuron/rom_w4  File: C:/Users/Leonardo/Documents/Arquivos Leonardo/UnB/9 Semestre/Projeto de Circuitos Reconfiguraveis/PCR/Listas_de_Exercicios/neuronio/neuronio.srcs/sources_1/imports/simauto/tb_neuron.vhd
Warning: FIM DA LEITURA
Time: 9955 ns  Iteration: 0  Process: /tb_neuron/rom_bias  File: C:/Users/Leonardo/Documents/Arquivos Leonardo/UnB/9 Semestre/Projeto de Circuitos Reconfiguraveis/PCR/Listas_de_Exercicios/neuronio/neuronio.srcs/sources_1/imports/simauto/tb_neuron.vhd
Warning: FIM DA LEITURA
Time: 9955 ns  Iteration: 0  Process: /tb_neuron/rom_x1  File: C:/Users/Leonardo/Documents/Arquivos Leonardo/UnB/9 Semestre/Projeto de Circuitos Reconfiguraveis/PCR/Listas_de_Exercicios/neuronio/neuronio.srcs/sources_1/imports/simauto/tb_neuron.vhd
Warning: FIM DA LEITURA
Time: 9955 ns  Iteration: 0  Process: /tb_neuron/rom_x2  File: C:/Users/Leonardo/Documents/Arquivos Leonardo/UnB/9 Semestre/Projeto de Circuitos Reconfiguraveis/PCR/Listas_de_Exercicios/neuronio/neuronio.srcs/sources_1/imports/simauto/tb_neuron.vhd
Warning: FIM DA LEITURA
Time: 9955 ns  Iteration: 0  Process: /tb_neuron/rom_x3  File: C:/Users/Leonardo/Documents/Arquivos Leonardo/UnB/9 Semestre/Projeto de Circuitos Reconfiguraveis/PCR/Listas_de_Exercicios/neuronio/neuronio.srcs/sources_1/imports/simauto/tb_neuron.vhd
Warning: FIM DA LEITURA
Time: 9955 ns  Iteration: 0  Process: /tb_neuron/rom_x4  File: C:/Users/Leonardo/Documents/Arquivos Leonardo/UnB/9 Semestre/Projeto de Circuitos Reconfiguraveis/PCR/Listas_de_Exercicios/neuronio/neuronio.srcs/sources_1/imports/simauto/tb_neuron.vhd
Warning: FIM DA LEITURA
Time: 9955 ns  Iteration: 0  Process: /tb_neuron/rom_w1  File: C:/Users/Leonardo/Documents/Arquivos Leonardo/UnB/9 Semestre/Projeto de Circuitos Reconfiguraveis/PCR/Listas_de_Exercicios/neuronio/neuronio.srcs/sources_1/imports/simauto/tb_neuron.vhd
Warning: FIM DA LEITURA
Time: 9955 ns  Iteration: 0  Process: /tb_neuron/rom_w2  File: C:/Users/Leonardo/Documents/Arquivos Leonardo/UnB/9 Semestre/Projeto de Circuitos Reconfiguraveis/PCR/Listas_de_Exercicios/neuronio/neuronio.srcs/sources_1/imports/simauto/tb_neuron.vhd
Warning: FIM DA LEITURA
Time: 9955 ns  Iteration: 0  Process: /tb_neuron/rom_w3  File: C:/Users/Leonardo/Documents/Arquivos Leonardo/UnB/9 Semestre/Projeto de Circuitos Reconfiguraveis/PCR/Listas_de_Exercicios/neuronio/neuronio.srcs/sources_1/imports/simauto/tb_neuron.vhd
Warning: FIM DA LEITURA
Time: 9955 ns  Iteration: 0  Process: /tb_neuron/rom_w4  File: C:/Users/Leonardo/Documents/Arquivos Leonardo/UnB/9 Semestre/Projeto de Circuitos Reconfiguraveis/PCR/Listas_de_Exercicios/neuronio/neuronio.srcs/sources_1/imports/simauto/tb_neuron.vhd
Warning: FIM DA LEITURA
Time: 9955 ns  Iteration: 0  Process: /tb_neuron/rom_bias  File: C:/Users/Leonardo/Documents/Arquivos Leonardo/UnB/9 Semestre/Projeto de Circuitos Reconfiguraveis/PCR/Listas_de_Exercicios/neuronio/neuronio.srcs/sources_1/imports/simauto/tb_neuron.vhd
