Vivado Simulator 2018.3
Time resolution is 1 ps
Warning: FIM DA LEITURA
Time: 6985 ns  Iteration: 0  Process: /tb_neuron_gmbh/rom_x  File: C:/Users/Leonardo/Documents/Arquivos Leonardo/UnB/9 Semestre/Projeto de Circuitos Reconfiguraveis/PCR/Listas_de_Exercicios/neuronio_gmbh/neuronio_gmbh.srcs/sim_1/new/tb_neuron_gmbh.vhd
Warning: FIM DA LEITURA
Time: 6985 ns  Iteration: 0  Process: /tb_neuron_gmbh/rom_a  File: C:/Users/Leonardo/Documents/Arquivos Leonardo/UnB/9 Semestre/Projeto de Circuitos Reconfiguraveis/PCR/Listas_de_Exercicios/neuronio_gmbh/neuronio_gmbh.srcs/sim_1/new/tb_neuron_gmbh.vhd
Warning: FIM DA LEITURA
Time: 6985 ns  Iteration: 0  Process: /tb_neuron_gmbh/rom_b  File: C:/Users/Leonardo/Documents/Arquivos Leonardo/UnB/9 Semestre/Projeto de Circuitos Reconfiguraveis/PCR/Listas_de_Exercicios/neuronio_gmbh/neuronio_gmbh.srcs/sim_1/new/tb_neuron_gmbh.vhd
Warning: FIM DA LEITURA
Time: 6985 ns  Iteration: 0  Process: /tb_neuron_gmbh/rom_c  File: C:/Users/Leonardo/Documents/Arquivos Leonardo/UnB/9 Semestre/Projeto de Circuitos Reconfiguraveis/PCR/Listas_de_Exercicios/neuronio_gmbh/neuronio_gmbh.srcs/sim_1/new/tb_neuron_gmbh.vhd
Warning: FIM DA LEITURA
Time: 6985 ns  Iteration: 0  Process: /tb_neuron_gmbh/rom_x  File: C:/Users/Leonardo/Documents/Arquivos Leonardo/UnB/9 Semestre/Projeto de Circuitos Reconfiguraveis/PCR/Listas_de_Exercicios/neuronio_gmbh/neuronio_gmbh.srcs/sim_1/new/tb_neuron_gmbh.vhd
Warning: FIM DA LEITURA
Time: 6985 ns  Iteration: 0  Process: /tb_neuron_gmbh/rom_a  File: C:/Users/Leonardo/Documents/Arquivos Leonardo/UnB/9 Semestre/Projeto de Circuitos Reconfiguraveis/PCR/Listas_de_Exercicios/neuronio_gmbh/neuronio_gmbh.srcs/sim_1/new/tb_neuron_gmbh.vhd
Warning: FIM DA LEITURA
Time: 6985 ns  Iteration: 0  Process: /tb_neuron_gmbh/rom_b  File: C:/Users/Leonardo/Documents/Arquivos Leonardo/UnB/9 Semestre/Projeto de Circuitos Reconfiguraveis/PCR/Listas_de_Exercicios/neuronio_gmbh/neuronio_gmbh.srcs/sim_1/new/tb_neuron_gmbh.vhd
Warning: FIM DA LEITURA
Time: 6985 ns  Iteration: 0  Process: /tb_neuron_gmbh/rom_c  File: C:/Users/Leonardo/Documents/Arquivos Leonardo/UnB/9 Semestre/Projeto de Circuitos Reconfiguraveis/PCR/Listas_de_Exercicios/neuronio_gmbh/neuronio_gmbh.srcs/sim_1/new/tb_neuron_gmbh.vhd
Warning: FIM DA LEITURA
Time: 6985 ns  Iteration: 0  Process: /tb_neuron_gmbh/rom_x  File: C:/Users/Leonardo/Documents/Arquivos Leonardo/UnB/9 Semestre/Projeto de Circuitos Reconfiguraveis/PCR/Listas_de_Exercicios/neuronio_gmbh/neuronio_gmbh.srcs/sim_1/new/tb_neuron_gmbh.vhd
Warning: FIM DA LEITURA
Time: 6985 ns  Iteration: 0  Process: /tb_neuron_gmbh/rom_a  File: C:/Users/Leonardo/Documents/Arquivos Leonardo/UnB/9 Semestre/Projeto de Circuitos Reconfiguraveis/PCR/Listas_de_Exercicios/neuronio_gmbh/neuronio_gmbh.srcs/sim_1/new/tb_neuron_gmbh.vhd
Warning: FIM DA LEITURA
Time: 6985 ns  Iteration: 0  Process: /tb_neuron_gmbh/rom_b  File: C:/Users/Leonardo/Documents/Arquivos Leonardo/UnB/9 Semestre/Projeto de Circuitos Reconfiguraveis/PCR/Listas_de_Exercicios/neuronio_gmbh/neuronio_gmbh.srcs/sim_1/new/tb_neuron_gmbh.vhd
Warning: FIM DA LEITURA
Time: 6985 ns  Iteration: 0  Process: /tb_neuron_gmbh/rom_c  File: C:/Users/Leonardo/Documents/Arquivos Leonardo/UnB/9 Semestre/Projeto de Circuitos Reconfiguraveis/PCR/Listas_de_Exercicios/neuronio_gmbh/neuronio_gmbh.srcs/sim_1/new/tb_neuron_gmbh.vhd
Warning: FIM DA LEITURA
Time: 6985 ns  Iteration: 0  Process: /tb_neuron_gmbh/rom_x  File: C:/Users/Leonardo/Documents/Arquivos Leonardo/UnB/9 Semestre/Projeto de Circuitos Reconfiguraveis/PCR/Listas_de_Exercicios/neuronio_gmbh/neuronio_gmbh.srcs/sim_1/new/tb_neuron_gmbh.vhd
Warning: FIM DA LEITURA
Time: 6985 ns  Iteration: 0  Process: /tb_neuron_gmbh/rom_a  File: C:/Users/Leonardo/Documents/Arquivos Leonardo/UnB/9 Semestre/Projeto de Circuitos Reconfiguraveis/PCR/Listas_de_Exercicios/neuronio_gmbh/neuronio_gmbh.srcs/sim_1/new/tb_neuron_gmbh.vhd
Warning: FIM DA LEITURA
Time: 6985 ns  Iteration: 0  Process: /tb_neuron_gmbh/rom_b  File: C:/Users/Leonardo/Documents/Arquivos Leonardo/UnB/9 Semestre/Projeto de Circuitos Reconfiguraveis/PCR/Listas_de_Exercicios/neuronio_gmbh/neuronio_gmbh.srcs/sim_1/new/tb_neuron_gmbh.vhd
Warning: FIM DA LEITURA
Time: 6985 ns  Iteration: 0  Process: /tb_neuron_gmbh/rom_c  File: C:/Users/Leonardo/Documents/Arquivos Leonardo/UnB/9 Semestre/Projeto de Circuitos Reconfiguraveis/PCR/Listas_de_Exercicios/neuronio_gmbh/neuronio_gmbh.srcs/sim_1/new/tb_neuron_gmbh.vhd
