Unable to capture context for thread 11116 in process 1732, can not generate back trace
Unable to capture context for thread 7848 in process 1732, can not generate back trace
Exception at PC 0x000007FEFDC9A06D
Exception at PC 0x000007FEFDC9A06D
Exception at PC 0x000007FEFDC9A06D
Exception at PC 0x000007FEFDC9A06D
Exception at PC 0x000007FEFDC9A06D
Exception at PC 0x000007FEA792BB93
Printing stacktrace...

Exception at PC 0x000007FEFDC9A06D
Exception at PC 0x000007FEFDC9A06D
Exception at PC 0x000007FEFDC9A06D
Exception at PC 0x000007FEFDC9A06D
Exception at PC 0x000007FEFDC9A06D
Exception at PC 0x000007FEFDC9A06D
Exception at PC 0x000007FEFDC9A06D
Exception at PC 0x000007FEFDC9A06D
Exception at PC 0x000007FEFDC9A06D
Exception at PC 0x000007FEFDC9A06D
Exception at PC 0x000007FEFDC9A06D
Exception at PC 0x000007FEFDC9A06D
Exception at PC 0x000007FEFDC9A06D
[0]  [0x000007FEA792BB93]
[1]  [0x000007FEA792BB93]
[2]  [0x000007FEA792B4A1]
[3]  [0x000007FEA792B3EF]
[4]  [0x000007FEA79119FE]
[5]  [0x000007FEA7910ED1]
[6]  [0x000007FEA7910D76]
[7]  [0x000007FEA78B79F6]
[8]  [0x000007FEA78A7AFB]
[9]  [0x000007FEA79CE90A]
[10]  [0x000007FEA79E9F87]
[11]  [0x000007FEA79EA05F]
[12] (BaseThreadInitThunk+0xd) [0x0000000077A359CD]
[13] (RtlUserThreadStart+0x1d) [0x0000000077C9383D]
Done
