#-----------------------------------------------------------
# Vivado v2018.3 (64-bit)
# SW Build 2405991 on Thu Dec  6 23:38:27 MST 2018
# IP Build 2404404 on Fri Dec  7 01:43:56 MST 2018
# Start of session at: Tue May 14 21:24:03 2019
# Process ID: 2316
# Current directory: C:/Users/Leonardo/Documents/Arquivos Leonardo/UnB/9 Semestre/Projeto de Circuitos Reconfiguraveis/PCR/Listas_de_Exercicios/neuronio_gmbh
# Command line: vivado.exe -gui_launcher_event rodinguilauncherevent5232 C:\Users\Leonardo\Documents\Arquivos Leonardo\UnB\9 Semestre\Projeto de Circuitos Reconfiguraveis\PCR\Listas_de_Exercicios\neuronio_gmbh\neuronio_gmbh.xpr
# Log file: C:/Users/Leonardo/Documents/Arquivos Leonardo/UnB/9 Semestre/Projeto de Circuitos Reconfiguraveis/PCR/Listas_de_Exercicios/neuronio_gmbh/vivado.log
# Journal file: C:/Users/Leonardo/Documents/Arquivos Leonardo/UnB/9 Semestre/Projeto de Circuitos Reconfiguraveis/PCR/Listas_de_Exercicios/neuronio_gmbh\vivado.jou
#-----------------------------------------------------------
start_gui
open_project {C:/Users/Leonardo/Documents/Arquivos Leonardo/UnB/9 Semestre/Projeto de Circuitos Reconfiguraveis/PCR/Listas_de_Exercicios/neuronio_gmbh/neuronio_gmbh.xpr}
INFO: [ProjectBase 1-489] The host OS only allows 260 characters in a normal path. The project is stored in a path with more than 80 characters. If you experience issues with IP, Block Designs, or files not being found, please consider moving the project to a location with a shorter path. Alternately consider using the OS subst command to map part of the path to a drive letter.
Current project path is 'C:/Users/Leonardo/Documents/Arquivos Leonardo/UnB/9 Semestre/Projeto de Circuitos Reconfiguraveis/PCR/Listas_de_Exercicios/neuronio_gmbh'
Scanning sources...
Finished scanning sources
INFO: [IP_Flow 19-234] Refreshing IP repositories
INFO: [IP_Flow 19-1704] No user IP repositories specified
INFO: [IP_Flow 19-2313] Loaded Vivado IP repository 'C:/Xilinx/Vivado/2018.3/data/ip'.
open_project: Time (s): cpu = 00:00:33 ; elapsed = 00:00:16 . Memory (MB): peak = 674.363 ; gain = 42.191
update_compile_order -fileset sources_1
close [ open {C:/Users/Leonardo/Documents/Arquivos Leonardo/UnB/9 Semestre/Projeto de Circuitos Reconfiguraveis/PCR/Listas_de_Exercicios/neuronio_gmbh/neuronio_gmbh.srcs/sources_1/new/teste_neuronio_gmbh.vhd} w ]
add_files {{C:/Users/Leonardo/Documents/Arquivos Leonardo/UnB/9 Semestre/Projeto de Circuitos Reconfiguraveis/PCR/Listas_de_Exercicios/neuronio_gmbh/neuronio_gmbh.srcs/sources_1/new/teste_neuronio_gmbh.vhd}}
update_compile_order -fileset sources_1
update_compile_order -fileset sources_1
update_compile_order -fileset sources_1
update_compile_order -fileset sources_1
update_compile_order -fileset sources_1
reset_run synth_1
launch_runs impl_1 -jobs 2
[Tue May 14 23:00:43 2019] Launched synth_1...
Run output will be captured here: C:/Users/Leonardo/Documents/Arquivos Leonardo/UnB/9 Semestre/Projeto de Circuitos Reconfiguraveis/PCR/Listas_de_Exercicios/neuronio_gmbh/neuronio_gmbh.runs/synth_1/runme.log
[Tue May 14 23:00:44 2019] Launched impl_1...
Run output will be captured here: C:/Users/Leonardo/Documents/Arquivos Leonardo/UnB/9 Semestre/Projeto de Circuitos Reconfiguraveis/PCR/Listas_de_Exercicios/neuronio_gmbh/neuronio_gmbh.runs/impl_1/runme.log
reset_run synth_1
launch_runs impl_1 -jobs 2
[Tue May 14 23:09:32 2019] Launched synth_1...
Run output will be captured here: C:/Users/Leonardo/Documents/Arquivos Leonardo/UnB/9 Semestre/Projeto de Circuitos Reconfiguraveis/PCR/Listas_de_Exercicios/neuronio_gmbh/neuronio_gmbh.runs/synth_1/runme.log
[Tue May 14 23:09:32 2019] Launched impl_1...
Run output will be captured here: C:/Users/Leonardo/Documents/Arquivos Leonardo/UnB/9 Semestre/Projeto de Circuitos Reconfiguraveis/PCR/Listas_de_Exercicios/neuronio_gmbh/neuronio_gmbh.runs/impl_1/runme.log
reset_run impl_1
reset_run synth_1
launch_runs impl_1 -jobs 2
[Tue May 14 23:13:08 2019] Launched synth_1...
Run output will be captured here: C:/Users/Leonardo/Documents/Arquivos Leonardo/UnB/9 Semestre/Projeto de Circuitos Reconfiguraveis/PCR/Listas_de_Exercicios/neuronio_gmbh/neuronio_gmbh.runs/synth_1/runme.log
[Tue May 14 23:13:08 2019] Launched impl_1...
Run output will be captured here: C:/Users/Leonardo/Documents/Arquivos Leonardo/UnB/9 Semestre/Projeto de Circuitos Reconfiguraveis/PCR/Listas_de_Exercicios/neuronio_gmbh/neuronio_gmbh.runs/impl_1/runme.log
launch_runs impl_1 -to_step write_bitstream -jobs 2
[Tue May 14 23:17:24 2019] Launched impl_1...
Run output will be captured here: C:/Users/Leonardo/Documents/Arquivos Leonardo/UnB/9 Semestre/Projeto de Circuitos Reconfiguraveis/PCR/Listas_de_Exercicios/neuronio_gmbh/neuronio_gmbh.runs/impl_1/runme.log
open_hw
synth_design -rtl -name rtl_1
Command: synth_design -rtl -name rtl_1
Starting synth_design
Using part: xc7a35tcpg236-1
Top: teste_neuronio_gmbh
---------------------------------------------------------------------------------
Starting RTL Elaboration : Time (s): cpu = 00:00:06 ; elapsed = 00:00:04 . Memory (MB): peak = 844.645 ; gain = 79.891
---------------------------------------------------------------------------------
INFO: [Synth 8-638] synthesizing module 'teste_neuronio_gmbh' [C:/Users/Leonardo/Documents/Arquivos Leonardo/UnB/9 Semestre/Projeto de Circuitos Reconfiguraveis/PCR/Listas_de_Exercicios/neuronio_gmbh/neuronio_gmbh.srcs/sources_1/new/teste_neuronio_gmbh.vhd:45]
INFO: [Synth 8-3491] module 'neuronio_gmbh' declared at 'C:/Users/Leonardo/Documents/Arquivos Leonardo/UnB/9 Semestre/Projeto de Circuitos Reconfiguraveis/PCR/Listas_de_Exercicios/neuronio_gmbh/neuronio_gmbh.srcs/sources_1/new/neuronio_gmbh.vhd:37' bound to instance 'U0' of component 'neuronio_gmbh' [C:/Users/Leonardo/Documents/Arquivos Leonardo/UnB/9 Semestre/Projeto de Circuitos Reconfiguraveis/PCR/Listas_de_Exercicios/neuronio_gmbh/neuronio_gmbh.srcs/sources_1/new/teste_neuronio_gmbh.vhd:71]
INFO: [Synth 8-638] synthesizing module 'neuronio_gmbh' [C:/Users/Leonardo/Documents/Arquivos Leonardo/UnB/9 Semestre/Projeto de Circuitos Reconfiguraveis/PCR/Listas_de_Exercicios/neuronio_gmbh/neuronio_gmbh.srcs/sources_1/new/neuronio_gmbh.vhd:49]
INFO: [Synth 8-3491] module 'multiplierfsm_v2' declared at 'C:/Users/Leonardo/Documents/Arquivos Leonardo/UnB/9 Semestre/Projeto de Circuitos Reconfiguraveis/PCR/Listas_de_Exercicios/neuronio_gmbh/neuronio_gmbh.srcs/sources_1/imports/simauto/multiplierfsm_v2.vhd:26' bound to instance 'mul' of component 'multiplierfsm_v2' [C:/Users/Leonardo/Documents/Arquivos Leonardo/UnB/9 Semestre/Projeto de Circuitos Reconfiguraveis/PCR/Listas_de_Exercicios/neuronio_gmbh/neuronio_gmbh.srcs/sources_1/new/neuronio_gmbh.vhd:66]
INFO: [Synth 8-638] synthesizing module 'multiplierfsm_v2' [C:/Users/Leonardo/Documents/Arquivos Leonardo/UnB/9 Semestre/Projeto de Circuitos Reconfiguraveis/PCR/Listas_de_Exercicios/neuronio_gmbh/neuronio_gmbh.srcs/sources_1/imports/simauto/multiplierfsm_v2.vhd:36]
WARNING: [Synth 8-614] signal 's_mul_man' is read in the process but is not in the sensitivity list [C:/Users/Leonardo/Documents/Arquivos Leonardo/UnB/9 Semestre/Projeto de Circuitos Reconfiguraveis/PCR/Listas_de_Exercicios/neuronio_gmbh/neuronio_gmbh.srcs/sources_1/imports/simauto/multiplierfsm_v2.vhd:64]
WARNING: [Synth 8-614] signal 's_add_exp' is read in the process but is not in the sensitivity list [C:/Users/Leonardo/Documents/Arquivos Leonardo/UnB/9 Semestre/Projeto de Circuitos Reconfiguraveis/PCR/Listas_de_Exercicios/neuronio_gmbh/neuronio_gmbh.srcs/sources_1/imports/simauto/multiplierfsm_v2.vhd:64]
INFO: [Synth 8-256] done synthesizing module 'multiplierfsm_v2' (1#1) [C:/Users/Leonardo/Documents/Arquivos Leonardo/UnB/9 Semestre/Projeto de Circuitos Reconfiguraveis/PCR/Listas_de_Exercicios/neuronio_gmbh/neuronio_gmbh.srcs/sources_1/imports/simauto/multiplierfsm_v2.vhd:36]
INFO: [Synth 8-3491] module 'multiplierfsm_v2' declared at 'C:/Users/Leonardo/Documents/Arquivos Leonardo/UnB/9 Semestre/Projeto de Circuitos Reconfiguraveis/PCR/Listas_de_Exercicios/neuronio_gmbh/neuronio_gmbh.srcs/sources_1/imports/simauto/multiplierfsm_v2.vhd:26' bound to instance 'mul' of component 'multiplierfsm_v2' [C:/Users/Leonardo/Documents/Arquivos Leonardo/UnB/9 Semestre/Projeto de Circuitos Reconfiguraveis/PCR/Listas_de_Exercicios/neuronio_gmbh/neuronio_gmbh.srcs/sources_1/new/neuronio_gmbh.vhd:66]
INFO: [Synth 8-3491] module 'multiplierfsm_v2' declared at 'C:/Users/Leonardo/Documents/Arquivos Leonardo/UnB/9 Semestre/Projeto de Circuitos Reconfiguraveis/PCR/Listas_de_Exercicios/neuronio_gmbh/neuronio_gmbh.srcs/sources_1/imports/simauto/multiplierfsm_v2.vhd:26' bound to instance 'mul' of component 'multiplierfsm_v2' [C:/Users/Leonardo/Documents/Arquivos Leonardo/UnB/9 Semestre/Projeto de Circuitos Reconfiguraveis/PCR/Listas_de_Exercicios/neuronio_gmbh/neuronio_gmbh.srcs/sources_1/new/neuronio_gmbh.vhd:66]
INFO: [Synth 8-3491] module 'addsubfsm_v6' declared at 'C:/Users/Leonardo/Documents/Arquivos Leonardo/UnB/9 Semestre/Projeto de Circuitos Reconfiguraveis/PCR/Listas_de_Exercicios/neuronio_gmbh/neuronio_gmbh.srcs/sources_1/imports/simauto/addsubfsm_v6.vhd:17' bound to instance 'add' of component 'addsubfsm_v6' [C:/Users/Leonardo/Documents/Arquivos Leonardo/UnB/9 Semestre/Projeto de Circuitos Reconfiguraveis/PCR/Listas_de_Exercicios/neuronio_gmbh/neuronio_gmbh.srcs/sources_1/new/neuronio_gmbh.vhd:77]
INFO: [Synth 8-638] synthesizing module 'addsubfsm_v6' [C:/Users/Leonardo/Documents/Arquivos Leonardo/UnB/9 Semestre/Projeto de Circuitos Reconfiguraveis/PCR/Listas_de_Exercicios/neuronio_gmbh/neuronio_gmbh.srcs/sources_1/imports/simauto/addsubfsm_v6.vhd:28]
WARNING: [Synth 8-6014] Unused sequential element sl_reg was removed.  [C:/Users/Leonardo/Documents/Arquivos Leonardo/UnB/9 Semestre/Projeto de Circuitos Reconfiguraveis/PCR/Listas_de_Exercicios/neuronio_gmbh/neuronio_gmbh.srcs/sources_1/imports/simauto/addsubfsm_v6.vhd:118]
WARNING: [Synth 8-6014] Unused sequential element sign_reg was removed.  [C:/Users/Leonardo/Documents/Arquivos Leonardo/UnB/9 Semestre/Projeto de Circuitos Reconfiguraveis/PCR/Listas_de_Exercicios/neuronio_gmbh/neuronio_gmbh.srcs/sources_1/imports/simauto/addsubfsm_v6.vhd:200]
WARNING: [Synth 8-6014] Unused sequential element s_res_exp_reg was removed.  [C:/Users/Leonardo/Documents/Arquivos Leonardo/UnB/9 Semestre/Projeto de Circuitos Reconfiguraveis/PCR/Listas_de_Exercicios/neuronio_gmbh/neuronio_gmbh.srcs/sources_1/imports/simauto/addsubfsm_v6.vhd:201]
WARNING: [Synth 8-6014] Unused sequential element out_man_reg was removed.  [C:/Users/Leonardo/Documents/Arquivos Leonardo/UnB/9 Semestre/Projeto de Circuitos Reconfiguraveis/PCR/Listas_de_Exercicios/neuronio_gmbh/neuronio_gmbh.srcs/sources_1/imports/simauto/addsubfsm_v6.vhd:202]
WARNING: [Synth 8-6014] Unused sequential element pos_reg was removed.  [C:/Users/Leonardo/Documents/Arquivos Leonardo/UnB/9 Semestre/Projeto de Circuitos Reconfiguraveis/PCR/Listas_de_Exercicios/neuronio_gmbh/neuronio_gmbh.srcs/sources_1/imports/simauto/addsubfsm_v6.vhd:226]
INFO: [Synth 8-256] done synthesizing module 'addsubfsm_v6' (2#1) [C:/Users/Leonardo/Documents/Arquivos Leonardo/UnB/9 Semestre/Projeto de Circuitos Reconfiguraveis/PCR/Listas_de_Exercicios/neuronio_gmbh/neuronio_gmbh.srcs/sources_1/imports/simauto/addsubfsm_v6.vhd:28]
INFO: [Synth 8-3491] module 'addsubfsm_v6' declared at 'C:/Users/Leonardo/Documents/Arquivos Leonardo/UnB/9 Semestre/Projeto de Circuitos Reconfiguraveis/PCR/Listas_de_Exercicios/neuronio_gmbh/neuronio_gmbh.srcs/sources_1/imports/simauto/addsubfsm_v6.vhd:17' bound to instance 'add' of component 'addsubfsm_v6' [C:/Users/Leonardo/Documents/Arquivos Leonardo/UnB/9 Semestre/Projeto de Circuitos Reconfiguraveis/PCR/Listas_de_Exercicios/neuronio_gmbh/neuronio_gmbh.srcs/sources_1/new/neuronio_gmbh.vhd:77]
INFO: [Synth 8-256] done synthesizing module 'neuronio_gmbh' (3#1) [C:/Users/Leonardo/Documents/Arquivos Leonardo/UnB/9 Semestre/Projeto de Circuitos Reconfiguraveis/PCR/Listas_de_Exercicios/neuronio_gmbh/neuronio_gmbh.srcs/sources_1/new/neuronio_gmbh.vhd:49]
WARNING: [Synth 8-614] signal 'sw' is read in the process but is not in the sensitivity list [C:/Users/Leonardo/Documents/Arquivos Leonardo/UnB/9 Semestre/Projeto de Circuitos Reconfiguraveis/PCR/Listas_de_Exercicios/neuronio_gmbh/neuronio_gmbh.srcs/sources_1/new/teste_neuronio_gmbh.vhd:84]
WARNING: [Synth 8-614] signal 'in_mux_2' is read in the process but is not in the sensitivity list [C:/Users/Leonardo/Documents/Arquivos Leonardo/UnB/9 Semestre/Projeto de Circuitos Reconfiguraveis/PCR/Listas_de_Exercicios/neuronio_gmbh/neuronio_gmbh.srcs/sources_1/new/teste_neuronio_gmbh.vhd:93]
INFO: [Synth 8-256] done synthesizing module 'teste_neuronio_gmbh' (4#1) [C:/Users/Leonardo/Documents/Arquivos Leonardo/UnB/9 Semestre/Projeto de Circuitos Reconfiguraveis/PCR/Listas_de_Exercicios/neuronio_gmbh/neuronio_gmbh.srcs/sources_1/new/teste_neuronio_gmbh.vhd:45]
---------------------------------------------------------------------------------
Finished RTL Elaboration : Time (s): cpu = 00:00:08 ; elapsed = 00:00:06 . Memory (MB): peak = 868.434 ; gain = 103.680
---------------------------------------------------------------------------------

Report Check Netlist: 
+------+------------------+-------+---------+-------+------------------+
|      |Item              |Errors |Warnings |Status |Description       |
+------+------------------+-------+---------+-------+------------------+
|1     |multi_driven_nets |      0|        0|Passed |Multi driven nets |
+------+------------------+-------+---------+-------+------------------+
---------------------------------------------------------------------------------
Start Handling Custom Attributes
---------------------------------------------------------------------------------
---------------------------------------------------------------------------------
Finished Handling Custom Attributes : Time (s): cpu = 00:00:08 ; elapsed = 00:00:06 . Memory (MB): peak = 868.434 ; gain = 103.680
---------------------------------------------------------------------------------
---------------------------------------------------------------------------------
Finished RTL Optimization Phase 1 : Time (s): cpu = 00:00:08 ; elapsed = 00:00:06 . Memory (MB): peak = 868.434 ; gain = 103.680
---------------------------------------------------------------------------------
INFO: [Device 21-403] Loading part xc7a35tcpg236-1
INFO: [Project 1-570] Preparing netlist for logic optimization

Processing XDC Constraints
Initializing timing engine
Parsing XDC File [C:/Users/Leonardo/Documents/Arquivos Leonardo/UnB/9 Semestre/Projeto de Circuitos Reconfiguraveis/PCR/Listas_de_Exercicios/neuronio_gmbh/neuronio_gmbh.srcs/constrs_1/imports/basys3_master/Basys3_Master.xdc]
Finished Parsing XDC File [C:/Users/Leonardo/Documents/Arquivos Leonardo/UnB/9 Semestre/Projeto de Circuitos Reconfiguraveis/PCR/Listas_de_Exercicios/neuronio_gmbh/neuronio_gmbh.srcs/constrs_1/imports/basys3_master/Basys3_Master.xdc]
Completed Processing XDC Constraints

INFO: [Opt 31-138] Pushed 0 inverter(s) to 0 load pin(s).
Netlist sorting complete. Time (s): cpu = 00:00:00 ; elapsed = 00:00:00.001 . Memory (MB): peak = 1197.898 ; gain = 0.000
INFO: [Project 1-111] Unisim Transformation Summary:
No Unisim elements were transformed.

RTL Elaboration Complete:  : Time (s): cpu = 00:00:47 ; elapsed = 00:00:50 . Memory (MB): peak = 1229.133 ; gain = 464.379
18 Infos, 9 Warnings, 0 Critical Warnings and 0 Errors encountered.
synth_design completed successfully
synth_design: Time (s): cpu = 00:00:47 ; elapsed = 00:00:50 . Memory (MB): peak = 1229.133 ; gain = 464.379
close_design
open_run synth_1 -name synth_1
Design is defaulting to impl run constrset: constrs_1
Design is defaulting to synth run part: xc7a35tcpg236-1
INFO: [Netlist 29-17] Analyzing 60 Unisim elements for replacement
INFO: [Netlist 29-28] Unisim Transformation completed in 0 CPU seconds
INFO: [Project 1-479] Netlist was created with Vivado 2018.3
INFO: [Project 1-570] Preparing netlist for logic optimization
Parsing XDC File [C:/Users/Leonardo/Documents/Arquivos Leonardo/UnB/9 Semestre/Projeto de Circuitos Reconfiguraveis/PCR/Listas_de_Exercicios/neuronio_gmbh/neuronio_gmbh.srcs/constrs_1/imports/basys3_master/Basys3_Master.xdc]
Finished Parsing XDC File [C:/Users/Leonardo/Documents/Arquivos Leonardo/UnB/9 Semestre/Projeto de Circuitos Reconfiguraveis/PCR/Listas_de_Exercicios/neuronio_gmbh/neuronio_gmbh.srcs/constrs_1/imports/basys3_master/Basys3_Master.xdc]
INFO: [Opt 31-138] Pushed 0 inverter(s) to 0 load pin(s).
Netlist sorting complete. Time (s): cpu = 00:00:00 ; elapsed = 00:00:00.001 . Memory (MB): peak = 1272.918 ; gain = 0.000
INFO: [Project 1-111] Unisim Transformation Summary:
No Unisim elements were transformed.

open_run: Time (s): cpu = 00:00:13 ; elapsed = 00:00:08 . Memory (MB): peak = 1303.738 ; gain = 30.820
report_utilization -name utilization_1
close_design
open_run impl_1
INFO: [Netlist 29-17] Analyzing 60 Unisim elements for replacement
INFO: [Netlist 29-28] Unisim Transformation completed in 0 CPU seconds
INFO: [Project 1-479] Netlist was created with Vivado 2018.3
INFO: [Project 1-570] Preparing netlist for logic optimization
INFO: [Timing 38-478] Restoring timing data from binary archive.
INFO: [Timing 38-479] Binary timing data restore complete.
INFO: [Project 1-856] Restoring constraints from binary archive.
INFO: [Project 1-853] Binary constraint restore complete.
Reading XDEF placement.
Reading placer database...
Reading XDEF routing.
Read XDEF File: Time (s): cpu = 00:00:00 ; elapsed = 00:00:00.271 . Memory (MB): peak = 1882.113 ; gain = 0.000
Restored from archive | CPU: 0.000000 secs | Memory: 0.000000 MB |
Finished XDEF File Restore: Time (s): cpu = 00:00:00 ; elapsed = 00:00:00.271 . Memory (MB): peak = 1882.113 ; gain = 0.000
Netlist sorting complete. Time (s): cpu = 00:00:00 ; elapsed = 00:00:00.001 . Memory (MB): peak = 1882.113 ; gain = 0.000
INFO: [Project 1-111] Unisim Transformation Summary:
No Unisim elements were transformed.

open_run: Time (s): cpu = 00:00:15 ; elapsed = 00:00:13 . Memory (MB): peak = 1913.480 ; gain = 31.367
report_utilization -name utilization_1
report_timing_summary -delay_type min_max -report_unconstrained -check_timing_verbose -max_paths 10 -input_pins -routable_nets -name timing_1
INFO: [Timing 38-91] UpdateTimingParams: Speed grade: -1, Delay Type: min_max.
INFO: [Timing 38-191] Multithreading enabled for timing update using a maximum of 2 CPUs
open_run synth_1 -name synth_1
Design is defaulting to impl run constrset: constrs_1
Design is defaulting to synth run part: xc7a35tcpg236-1
INFO: [Netlist 29-17] Analyzing 60 Unisim elements for replacement
INFO: [Netlist 29-28] Unisim Transformation completed in 0 CPU seconds
INFO: [Project 1-479] Netlist was created with Vivado 2018.3
INFO: [Project 1-570] Preparing netlist for logic optimization
Parsing XDC File [C:/Users/Leonardo/Documents/Arquivos Leonardo/UnB/9 Semestre/Projeto de Circuitos Reconfiguraveis/PCR/Listas_de_Exercicios/neuronio_gmbh/neuronio_gmbh.srcs/constrs_1/imports/basys3_master/Basys3_Master.xdc]
Finished Parsing XDC File [C:/Users/Leonardo/Documents/Arquivos Leonardo/UnB/9 Semestre/Projeto de Circuitos Reconfiguraveis/PCR/Listas_de_Exercicios/neuronio_gmbh/neuronio_gmbh.srcs/constrs_1/imports/basys3_master/Basys3_Master.xdc]
INFO: [Opt 31-138] Pushed 0 inverter(s) to 0 load pin(s).
Netlist sorting complete. Time (s): cpu = 00:00:00 ; elapsed = 00:00:00 . Memory (MB): peak = 2129.391 ; gain = 0.000
INFO: [Project 1-111] Unisim Transformation Summary:
No Unisim elements were transformed.

open_run: Time (s): cpu = 00:00:10 ; elapsed = 00:00:09 . Memory (MB): peak = 2191.715 ; gain = 62.723
report_power -name {power_1}
Command: report_power -name power_1
INFO: [Timing 38-35] Done setting XDC timing constraints.
Running Vector-less Activity Propagation...

Finished Running Vector-less Activity Propagation
1 Infos, 0 Warnings, 0 Critical Warnings and 0 Errors encountered.
report_power completed successfully
exit
INFO: [Common 17-206] Exiting Vivado at Wed May 15 00:14:52 2019...
