
*** Running vivado
    with args -log clockdiv10Hz.vdi -applog -m64 -product Vivado -messageDb vivado.pb -mode batch -source clockdiv10Hz.tcl -notrace


****** Vivado v2018.3 (64-bit)
  **** SW Build 2405991 on Thu Dec  6 23:38:27 MST 2018
  **** IP Build 2404404 on Fri Dec  7 01:43:56 MST 2018
    ** Copyright 1986-2018 Xilinx, Inc. All Rights Reserved.

source clockdiv10Hz.tcl -notrace
Command: link_design -top clockdiv10Hz -part xc7a35tcpg236-1
Design is defaulting to srcset: sources_1
Design is defaulting to constrset: constrs_1
INFO: [Netlist 29-17] Analyzing 6 Unisim elements for replacement
INFO: [Netlist 29-28] Unisim Transformation completed in 0 CPU seconds
INFO: [Project 1-479] Netlist was created with Vivado 2018.3
INFO: [Device 21-403] Loading part xc7a35tcpg236-1
INFO: [Project 1-570] Preparing netlist for logic optimization
Parsing XDC File [C:/Users/Leonardo/Documents/Arquivos Leonardo/UnB/9 Semestre/Projeto de Circuitos Reconfiguraveis/PCR/Listas_de_Exercicios/clkdiv/clkdiv.srcs/constrs_1/new/Basys3.xdc]
Finished Parsing XDC File [C:/Users/Leonardo/Documents/Arquivos Leonardo/UnB/9 Semestre/Projeto de Circuitos Reconfiguraveis/PCR/Listas_de_Exercicios/clkdiv/clkdiv.srcs/constrs_1/new/Basys3.xdc]
INFO: [Opt 31-138] Pushed 0 inverter(s) to 0 load pin(s).
Netlist sorting complete. Time (s): cpu = 00:00:00 ; elapsed = 00:00:00 . Memory (MB): peak = 576.316 ; gain = 0.000
INFO: [Project 1-111] Unisim Transformation Summary:
No Unisim elements were transformed.

7 Infos, 0 Warnings, 0 Critical Warnings and 0 Errors encountered.
link_design completed successfully
link_design: Time (s): cpu = 00:00:09 ; elapsed = 00:00:09 . Memory (MB): peak = 580.328 ; gain = 313.254
Command: opt_design
Attempting to get a license for feature 'Implementation' and/or device 'xc7a35t'
INFO: [Common 17-349] Got license for feature 'Implementation' and/or device 'xc7a35t'
Running DRC as a precondition to command opt_design

Starting DRC Task
INFO: [DRC 23-27] Running DRC with 2 threads
INFO: [Project 1-461] DRC finished with 0 Errors
INFO: [Project 1-462] Please refer to the DRC report (report_drc) for more information.

Time (s): cpu = 00:00:02 ; elapsed = 00:00:02 . Memory (MB): peak = 589.926 ; gain = 9.598

Starting Cache Timing Information Task
INFO: [Timing 38-35] Done setting XDC timing constraints.
Ending Cache Timing Information Task | Checksum: 1b7dff056

Time (s): cpu = 00:00:16 ; elapsed = 00:00:18 . Memory (MB): peak = 1095.566 ; gain = 505.641

Starting Logic Optimization Task

Phase 1 Retarget
INFO: [Opt 31-138] Pushed 0 inverter(s) to 0 load pin(s).
INFO: [Opt 31-49] Retargeted 0 cell(s).
Phase 1 Retarget | Checksum: 1b7dff056

Time (s): cpu = 00:00:00 ; elapsed = 00:00:00.865 . Memory (MB): peak = 1195.688 ; gain = 0.000
INFO: [Opt 31-389] Phase Retarget created 0 cells and removed 0 cells

Phase 2 Constant propagation
INFO: [Opt 31-138] Pushed 0 inverter(s) to 0 load pin(s).
Phase 2 Constant propagation | Checksum: 1b7dff056

Time (s): cpu = 00:00:00 ; elapsed = 00:00:01 . Memory (MB): peak = 1195.688 ; gain = 0.000
INFO: [Opt 31-389] Phase Constant propagation created 0 cells and removed 0 cells

Phase 3 Sweep
Phase 3 Sweep | Checksum: f947e177

Time (s): cpu = 00:00:00 ; elapsed = 00:00:02 . Memory (MB): peak = 1195.688 ; gain = 0.000
INFO: [Opt 31-389] Phase Sweep created 0 cells and removed 0 cells

Phase 4 BUFG optimization
Phase 4 BUFG optimization | Checksum: f947e177

Time (s): cpu = 00:00:00 ; elapsed = 00:00:02 . Memory (MB): peak = 1195.688 ; gain = 0.000
INFO: [Opt 31-662] Phase BUFG optimization created 0 cells of which 0 are BUFGs and removed 0 cells.

Phase 5 Shift Register Optimization
Phase 5 Shift Register Optimization | Checksum: 14a3bde48

Time (s): cpu = 00:00:00 ; elapsed = 00:00:02 . Memory (MB): peak = 1195.688 ; gain = 0.000
INFO: [Opt 31-389] Phase Shift Register Optimization created 0 cells and removed 0 cells

Phase 6 Post Processing Netlist
Phase 6 Post Processing Netlist | Checksum: 14a3bde48

Time (s): cpu = 00:00:00 ; elapsed = 00:00:02 . Memory (MB): peak = 1195.688 ; gain = 0.000
INFO: [Opt 31-389] Phase Post Processing Netlist created 0 cells and removed 0 cells
Opt_design Change Summary
=========================


-------------------------------------------------------------------------------------------------------------------------
|  Phase                        |  #Cells created  |  #Cells Removed  |  #Constrained objects preventing optimizations  |
-------------------------------------------------------------------------------------------------------------------------
|  Retarget                     |               0  |               0  |                                              0  |
|  Constant propagation         |               0  |               0  |                                              0  |
|  Sweep                        |               0  |               0  |                                              0  |
|  BUFG optimization            |               0  |               0  |                                              0  |
|  Shift Register Optimization  |               0  |               0  |                                              0  |
|  Post Processing Netlist      |               0  |               0  |                                              0  |
-------------------------------------------------------------------------------------------------------------------------



Starting Connectivity Check Task

Time (s): cpu = 00:00:00 ; elapsed = 00:00:00.002 . Memory (MB): peak = 1195.688 ; gain = 0.000
Ending Logic Optimization Task | Checksum: 14a3bde48

Time (s): cpu = 00:00:00 ; elapsed = 00:00:02 . Memory (MB): peak = 1195.688 ; gain = 0.000

Starting Power Optimization Task
INFO: [Pwropt 34-132] Skipping clock gating for clocks with a period < 2.00 ns.
Ending Power Optimization Task | Checksum: 14a3bde48

Time (s): cpu = 00:00:00 ; elapsed = 00:00:00.236 . Memory (MB): peak = 1195.688 ; gain = 0.000

Starting Final Cleanup Task
Ending Final Cleanup Task | Checksum: 14a3bde48

Time (s): cpu = 00:00:00 ; elapsed = 00:00:00 . Memory (MB): peak = 1195.688 ; gain = 0.000

Starting Netlist Obfuscation Task
Netlist sorting complete. Time (s): cpu = 00:00:00 ; elapsed = 00:00:00 . Memory (MB): peak = 1195.688 ; gain = 0.000
Ending Netlist Obfuscation Task | Checksum: 14a3bde48

Time (s): cpu = 00:00:00 ; elapsed = 00:00:00 . Memory (MB): peak = 1195.688 ; gain = 0.000
INFO: [Common 17-83] Releasing license: Implementation
23 Infos, 0 Warnings, 0 Critical Warnings and 0 Errors encountered.
opt_design completed successfully
opt_design: Time (s): cpu = 00:00:20 ; elapsed = 00:00:24 . Memory (MB): peak = 1195.688 ; gain = 615.359
Netlist sorting complete. Time (s): cpu = 00:00:00 ; elapsed = 00:00:00 . Memory (MB): peak = 1195.688 ; gain = 0.000
Writing placer database...
INFO: [Timing 38-480] Writing timing data to binary archive.
Writing XDEF routing.
Writing XDEF routing logical nets.
Writing XDEF routing special nets.
Write XDEF Complete: Time (s): cpu = 00:00:00 ; elapsed = 00:00:00.502 . Memory (MB): peak = 1195.688 ; gain = 0.000
Netlist sorting complete. Time (s): cpu = 00:00:00 ; elapsed = 00:00:00 . Memory (MB): peak = 1195.688 ; gain = 0.000
INFO: [Common 17-1381] The checkpoint 'C:/Users/Leonardo/Documents/Arquivos Leonardo/UnB/9 Semestre/Projeto de Circuitos Reconfiguraveis/PCR/Listas_de_Exercicios/clkdiv/clkdiv.runs/impl_1/clockdiv10Hz_opt.dcp' has been generated.
INFO: [runtcl-4] Executing : report_drc -file clockdiv10Hz_drc_opted.rpt -pb clockdiv10Hz_drc_opted.pb -rpx clockdiv10Hz_drc_opted.rpx
Command: report_drc -file clockdiv10Hz_drc_opted.rpt -pb clockdiv10Hz_drc_opted.pb -rpx clockdiv10Hz_drc_opted.rpx
INFO: [IP_Flow 19-234] Refreshing IP repositories
INFO: [IP_Flow 19-1704] No user IP repositories specified
INFO: [IP_Flow 19-2313] Loaded Vivado IP repository 'C:/Xilinx/Vivado/2018.3/data/ip'.
INFO: [DRC 23-27] Running DRC with 2 threads
INFO: [Coretcl 2-168] The results of DRC are in file C:/Users/Leonardo/Documents/Arquivos Leonardo/UnB/9 Semestre/Projeto de Circuitos Reconfiguraveis/PCR/Listas_de_Exercicios/clkdiv/clkdiv.runs/impl_1/clockdiv10Hz_drc_opted.rpt.
report_drc completed successfully
report_drc: Time (s): cpu = 00:00:06 ; elapsed = 00:00:07 . Memory (MB): peak = 1195.688 ; gain = 0.000
Command: place_design
Attempting to get a license for feature 'Implementation' and/or device 'xc7a35t'
INFO: [Common 17-349] Got license for feature 'Implementation' and/or device 'xc7a35t'
INFO: [DRC 23-27] Running DRC with 2 threads
INFO: [Vivado_Tcl 4-198] DRC finished with 0 Errors
INFO: [Vivado_Tcl 4-199] Please refer to the DRC report (report_drc) for more information.
Running DRC as a precondition to command place_design
INFO: [DRC 23-27] Running DRC with 2 threads
INFO: [Vivado_Tcl 4-198] DRC finished with 0 Errors
INFO: [Vivado_Tcl 4-199] Please refer to the DRC report (report_drc) for more information.

Starting Placer Task
INFO: [Place 30-611] Multithreading enabled for place_design using a maximum of 2 CPUs

Phase 1 Placer Initialization

Phase 1.1 Placer Initialization Netlist Sorting
Netlist sorting complete. Time (s): cpu = 00:00:00 ; elapsed = 00:00:00 . Memory (MB): peak = 1195.688 ; gain = 0.000
Phase 1.1 Placer Initialization Netlist Sorting | Checksum: 79aca213

Time (s): cpu = 00:00:00 ; elapsed = 00:00:00.533 . Memory (MB): peak = 1195.688 ; gain = 0.000
Netlist sorting complete. Time (s): cpu = 00:00:00 ; elapsed = 00:00:00 . Memory (MB): peak = 1195.688 ; gain = 0.000

Phase 1.2 IO Placement/ Clock Placement/ Build Placer Device
INFO: [Timing 38-35] Done setting XDC timing constraints.
Phase 1.2 IO Placement/ Clock Placement/ Build Placer Device | Checksum: 15ea54f51

Time (s): cpu = 00:00:01 ; elapsed = 00:00:04 . Memory (MB): peak = 1200.832 ; gain = 5.145

Phase 1.3 Build Placer Netlist Model
Phase 1.3 Build Placer Netlist Model | Checksum: 19a47d98f

Time (s): cpu = 00:00:01 ; elapsed = 00:00:06 . Memory (MB): peak = 1208.480 ; gain = 12.793

Phase 1.4 Constrain Clocks/Macros
Phase 1.4 Constrain Clocks/Macros | Checksum: 19a47d98f

Time (s): cpu = 00:00:02 ; elapsed = 00:00:06 . Memory (MB): peak = 1208.480 ; gain = 12.793
Phase 1 Placer Initialization | Checksum: 19a47d98f

Time (s): cpu = 00:00:02 ; elapsed = 00:00:07 . Memory (MB): peak = 1208.480 ; gain = 12.793

Phase 2 Global Placement

Phase 2.1 Floorplanning
Phase 2.1 Floorplanning | Checksum: 207a0a283

Time (s): cpu = 00:00:02 ; elapsed = 00:00:07 . Memory (MB): peak = 1208.480 ; gain = 12.793

Phase 2.2 Physical Synthesis In Placer
INFO: [Physopt 32-65] No nets found for high-fanout optimization.
INFO: [Physopt 32-232] Optimized 0 net. Created 0 new instance.
INFO: [Physopt 32-775] End 1 Pass. Optimized 0 net or cell. Created 0 new cell, deleted 0 existing cell and moved 0 existing cell
INFO: [Physopt 32-670] No setup violation found.  DSP Register Optimization was not performed.
INFO: [Physopt 32-670] No setup violation found.  Shift Register Optimization was not performed.
INFO: [Physopt 32-670] No setup violation found.  BRAM Register Optimization was not performed.
INFO: [Physopt 32-949] No candidate nets found for HD net replication
INFO: [Physopt 32-775] End 1 Pass. Optimized 0 net or cell. Created 0 new cell, deleted 0 existing cell and moved 0 existing cell
Netlist sorting complete. Time (s): cpu = 00:00:00 ; elapsed = 00:00:00 . Memory (MB): peak = 1208.480 ; gain = 0.000

Summary of Physical Synthesis Optimizations
============================================


----------------------------------------------------------------------------------------------------------------------------------------
|  Optimization                  |  Added Cells  |  Removed Cells  |  Optimized Cells/Nets  |  Dont Touch  |  Iterations  |  Elapsed   |
----------------------------------------------------------------------------------------------------------------------------------------
|  Very High Fanout              |            0  |              0  |                     0  |           0  |           1  |  00:00:00  |
|  DSP Register                  |            0  |              0  |                     0  |           0  |           0  |  00:00:00  |
|  Shift Register                |            0  |              0  |                     0  |           0  |           0  |  00:00:00  |
|  BRAM Register                 |            0  |              0  |                     0  |           0  |           0  |  00:00:00  |
|  HD Interface Net Replication  |            0  |              0  |                     0  |           0  |           1  |  00:00:00  |
|  Total                         |            0  |              0  |                     0  |           0  |           2  |  00:00:00  |
----------------------------------------------------------------------------------------------------------------------------------------


Phase 2.2 Physical Synthesis In Placer | Checksum: 1deb7d444

Time (s): cpu = 00:00:03 ; elapsed = 00:00:09 . Memory (MB): peak = 1208.480 ; gain = 12.793
Phase 2 Global Placement | Checksum: 254094498

Time (s): cpu = 00:00:03 ; elapsed = 00:00:09 . Memory (MB): peak = 1208.480 ; gain = 12.793

Phase 3 Detail Placement

Phase 3.1 Commit Multi Column Macros
Phase 3.1 Commit Multi Column Macros | Checksum: 254094498

Time (s): cpu = 00:00:03 ; elapsed = 00:00:09 . Memory (MB): peak = 1208.480 ; gain = 12.793

Phase 3.2 Commit Most Macros & LUTRAMs
Phase 3.2 Commit Most Macros & LUTRAMs | Checksum: 15658614e

Time (s): cpu = 00:00:03 ; elapsed = 00:00:09 . Memory (MB): peak = 1208.480 ; gain = 12.793

Phase 3.3 Area Swap Optimization
Phase 3.3 Area Swap Optimization | Checksum: efbe4ff1

Time (s): cpu = 00:00:03 ; elapsed = 00:00:09 . Memory (MB): peak = 1208.480 ; gain = 12.793

Phase 3.4 Pipeline Register Optimization
Phase 3.4 Pipeline Register Optimization | Checksum: efbe4ff1

Time (s): cpu = 00:00:03 ; elapsed = 00:00:09 . Memory (MB): peak = 1208.480 ; gain = 12.793

Phase 3.5 Small Shape Detail Placement
Phase 3.5 Small Shape Detail Placement | Checksum: 26aa14faf

Time (s): cpu = 00:00:03 ; elapsed = 00:00:10 . Memory (MB): peak = 1208.480 ; gain = 12.793

Phase 3.6 Re-assign LUT pins
Phase 3.6 Re-assign LUT pins | Checksum: 171a8e4ab

Time (s): cpu = 00:00:03 ; elapsed = 00:00:10 . Memory (MB): peak = 1208.480 ; gain = 12.793

Phase 3.7 Pipeline Register Optimization
Phase 3.7 Pipeline Register Optimization | Checksum: 171a8e4ab

Time (s): cpu = 00:00:03 ; elapsed = 00:00:10 . Memory (MB): peak = 1208.480 ; gain = 12.793
Phase 3 Detail Placement | Checksum: 171a8e4ab

Time (s): cpu = 00:00:03 ; elapsed = 00:00:10 . Memory (MB): peak = 1208.480 ; gain = 12.793

Phase 4 Post Placement Optimization and Clean-Up

Phase 4.1 Post Commit Optimization
INFO: [Timing 38-35] Done setting XDC timing constraints.

Phase 4.1.1 Post Placement Optimization
Post Placement Optimization Initialization | Checksum: 145741687

Phase 4.1.1.1 BUFG Insertion
INFO: [Place 46-46] BUFG insertion identified 0 candidate nets, 0 success, 0 bufg driver replicated, 0 skipped for placement/routing, 0 skipped for timing, 0 skipped for netlist change reason
Phase 4.1.1.1 BUFG Insertion | Checksum: 145741687

Time (s): cpu = 00:00:03 ; elapsed = 00:00:10 . Memory (MB): peak = 1208.480 ; gain = 12.793
INFO: [Place 30-746] Post Placement Timing Summary WNS=6.020. For the most accurate timing information please run report_timing.
Phase 4.1.1 Post Placement Optimization | Checksum: be5bf5fd

Time (s): cpu = 00:00:03 ; elapsed = 00:00:10 . Memory (MB): peak = 1208.480 ; gain = 12.793
Phase 4.1 Post Commit Optimization | Checksum: be5bf5fd

Time (s): cpu = 00:00:03 ; elapsed = 00:00:10 . Memory (MB): peak = 1208.480 ; gain = 12.793

Phase 4.2 Post Placement Cleanup
Phase 4.2 Post Placement Cleanup | Checksum: be5bf5fd

Time (s): cpu = 00:00:03 ; elapsed = 00:00:10 . Memory (MB): peak = 1208.480 ; gain = 12.793

Phase 4.3 Placer Reporting
Phase 4.3 Placer Reporting | Checksum: be5bf5fd

Time (s): cpu = 00:00:03 ; elapsed = 00:00:10 . Memory (MB): peak = 1208.480 ; gain = 12.793

Phase 4.4 Final Placement Cleanup
Netlist sorting complete. Time (s): cpu = 00:00:00 ; elapsed = 00:00:00 . Memory (MB): peak = 1208.480 ; gain = 0.000
Phase 4.4 Final Placement Cleanup | Checksum: 7b7ffc2b

Time (s): cpu = 00:00:03 ; elapsed = 00:00:10 . Memory (MB): peak = 1208.480 ; gain = 12.793
Phase 4 Post Placement Optimization and Clean-Up | Checksum: 7b7ffc2b

Time (s): cpu = 00:00:03 ; elapsed = 00:00:10 . Memory (MB): peak = 1208.480 ; gain = 12.793
Ending Placer Task | Checksum: 49194da5

Time (s): cpu = 00:00:03 ; elapsed = 00:00:10 . Memory (MB): peak = 1208.480 ; gain = 12.793
INFO: [Common 17-83] Releasing license: Implementation
52 Infos, 0 Warnings, 0 Critical Warnings and 0 Errors encountered.
place_design completed successfully
place_design: Time (s): cpu = 00:00:05 ; elapsed = 00:00:12 . Memory (MB): peak = 1208.480 ; gain = 12.793
Netlist sorting complete. Time (s): cpu = 00:00:00 ; elapsed = 00:00:00 . Memory (MB): peak = 1208.480 ; gain = 0.000
INFO: [Timing 38-480] Writing timing data to binary archive.
Writing placer database...
Writing XDEF routing.
Writing XDEF routing logical nets.
Writing XDEF routing special nets.
Write XDEF Complete: Time (s): cpu = 00:00:01 ; elapsed = 00:00:00.076 . Memory (MB): peak = 1210.141 ; gain = 1.660
Netlist sorting complete. Time (s): cpu = 00:00:00 ; elapsed = 00:00:00 . Memory (MB): peak = 1213.148 ; gain = 0.000
INFO: [Common 17-1381] The checkpoint 'C:/Users/Leonardo/Documents/Arquivos Leonardo/UnB/9 Semestre/Projeto de Circuitos Reconfiguraveis/PCR/Listas_de_Exercicios/clkdiv/clkdiv.runs/impl_1/clockdiv10Hz_placed.dcp' has been generated.
INFO: [runtcl-4] Executing : report_io -file clockdiv10Hz_io_placed.rpt
report_io: Time (s): cpu = 00:00:00 ; elapsed = 00:00:00.186 . Memory (MB): peak = 1213.148 ; gain = 0.000
INFO: [runtcl-4] Executing : report_utilization -file clockdiv10Hz_utilization_placed.rpt -pb clockdiv10Hz_utilization_placed.pb
INFO: [runtcl-4] Executing : report_control_sets -verbose -file clockdiv10Hz_control_sets_placed.rpt
report_control_sets: Time (s): cpu = 00:00:00 ; elapsed = 00:00:00.023 . Memory (MB): peak = 1213.148 ; gain = 0.000
Command: route_design
Attempting to get a license for feature 'Implementation' and/or device 'xc7a35t'
INFO: [Common 17-349] Got license for feature 'Implementation' and/or device 'xc7a35t'
Running DRC as a precondition to command route_design
INFO: [DRC 23-27] Running DRC with 2 threads
INFO: [Vivado_Tcl 4-198] DRC finished with 0 Errors
INFO: [Vivado_Tcl 4-199] Please refer to the DRC report (report_drc) for more information.


Starting Routing Task
INFO: [Route 35-254] Multithreading enabled for route_design using a maximum of 2 CPUs
Checksum: PlaceDB: 7048b09 ConstDB: 0 ShapeSum: 4214c29c RouteDB: 0

Phase 1 Build RT Design
Phase 1 Build RT Design | Checksum: b6ecf581

Time (s): cpu = 00:00:37 ; elapsed = 00:00:33 . Memory (MB): peak = 1338.832 ; gain = 125.684
Post Restoration Checksum: NetGraph: b21ae972 NumContArr: 4d20c0f Constraints: 0 Timing: 0

Phase 2 Router Initialization

Phase 2.1 Create Timer
Phase 2.1 Create Timer | Checksum: b6ecf581

Time (s): cpu = 00:00:37 ; elapsed = 00:00:33 . Memory (MB): peak = 1361.008 ; gain = 147.859

Phase 2.2 Fix Topology Constraints
Phase 2.2 Fix Topology Constraints | Checksum: b6ecf581

Time (s): cpu = 00:00:37 ; elapsed = 00:00:34 . Memory (MB): peak = 1367.035 ; gain = 153.887

Phase 2.3 Pre Route Cleanup
Phase 2.3 Pre Route Cleanup | Checksum: b6ecf581

Time (s): cpu = 00:00:37 ; elapsed = 00:00:34 . Memory (MB): peak = 1367.035 ; gain = 153.887
 Number of Nodes with overlaps = 0

Phase 2.4 Update Timing
Phase 2.4 Update Timing | Checksum: 165d557ef

Time (s): cpu = 00:00:38 ; elapsed = 00:00:34 . Memory (MB): peak = 1371.066 ; gain = 157.918
INFO: [Route 35-416] Intermediate Timing Summary | WNS=6.001  | TNS=0.000  | WHS=-0.068 | THS=-0.068 |

Phase 2 Router Initialization | Checksum: 1829399cb

Time (s): cpu = 00:00:38 ; elapsed = 00:00:35 . Memory (MB): peak = 1371.066 ; gain = 157.918

Phase 3 Initial Routing
Phase 3 Initial Routing | Checksum: 19fbc62ce

Time (s): cpu = 00:00:38 ; elapsed = 00:00:35 . Memory (MB): peak = 1374.043 ; gain = 160.895

Phase 4 Rip-up And Reroute

Phase 4.1 Global Iteration 0
 Number of Nodes with overlaps = 2
 Number of Nodes with overlaps = 0
INFO: [Route 35-416] Intermediate Timing Summary | WNS=5.496  | TNS=0.000  | WHS=N/A    | THS=N/A    |

Phase 4.1 Global Iteration 0 | Checksum: d98e05e8

Time (s): cpu = 00:00:38 ; elapsed = 00:00:35 . Memory (MB): peak = 1374.043 ; gain = 160.895
Phase 4 Rip-up And Reroute | Checksum: d98e05e8

Time (s): cpu = 00:00:38 ; elapsed = 00:00:35 . Memory (MB): peak = 1374.043 ; gain = 160.895

Phase 5 Delay and Skew Optimization

Phase 5.1 Delay CleanUp
Phase 5.1 Delay CleanUp | Checksum: d98e05e8

Time (s): cpu = 00:00:38 ; elapsed = 00:00:35 . Memory (MB): peak = 1374.043 ; gain = 160.895

Phase 5.2 Clock Skew Optimization
Phase 5.2 Clock Skew Optimization | Checksum: d98e05e8

Time (s): cpu = 00:00:38 ; elapsed = 00:00:35 . Memory (MB): peak = 1374.043 ; gain = 160.895
Phase 5 Delay and Skew Optimization | Checksum: d98e05e8

Time (s): cpu = 00:00:38 ; elapsed = 00:00:35 . Memory (MB): peak = 1374.043 ; gain = 160.895

Phase 6 Post Hold Fix

Phase 6.1 Hold Fix Iter

Phase 6.1.1 Update Timing
Phase 6.1.1 Update Timing | Checksum: 16cc3ec2e

Time (s): cpu = 00:00:38 ; elapsed = 00:00:35 . Memory (MB): peak = 1374.043 ; gain = 160.895
INFO: [Route 35-416] Intermediate Timing Summary | WNS=5.589  | TNS=0.000  | WHS=0.246  | THS=0.000  |

Phase 6.1 Hold Fix Iter | Checksum: 16cc3ec2e

Time (s): cpu = 00:00:38 ; elapsed = 00:00:35 . Memory (MB): peak = 1374.043 ; gain = 160.895
Phase 6 Post Hold Fix | Checksum: 16cc3ec2e

Time (s): cpu = 00:00:38 ; elapsed = 00:00:35 . Memory (MB): peak = 1374.043 ; gain = 160.895

Phase 7 Route finalize

Router Utilization Summary
  Global Vertical Routing Utilization    = 0.00685641 %
  Global Horizontal Routing Utilization  = 0.00247267 %
  Routable Net Status*
  *Does not include unroutable nets such as driverless and loadless.
  Run report_route_status for detailed report.
  Number of Failed Nets               = 0
  Number of Unrouted Nets             = 0
  Number of Partially Routed Nets     = 0
  Number of Node Overlaps             = 0

Phase 7 Route finalize | Checksum: 16370d3c7

Time (s): cpu = 00:00:38 ; elapsed = 00:00:35 . Memory (MB): peak = 1374.043 ; gain = 160.895

Phase 8 Verifying routed nets

 Verification completed successfully
Phase 8 Verifying routed nets | Checksum: 16370d3c7

Time (s): cpu = 00:00:38 ; elapsed = 00:00:35 . Memory (MB): peak = 1376.051 ; gain = 162.902

Phase 9 Depositing Routes
Phase 9 Depositing Routes | Checksum: 1ba77dccd

Time (s): cpu = 00:00:38 ; elapsed = 00:00:35 . Memory (MB): peak = 1376.051 ; gain = 162.902

Phase 10 Post Router Timing
INFO: [Route 35-57] Estimated Timing Summary | WNS=5.589  | TNS=0.000  | WHS=0.246  | THS=0.000  |

INFO: [Route 35-327] The final timing numbers are based on the router estimated timing analysis. For a complete and accurate timing signoff, please run report_timing_summary.
Phase 10 Post Router Timing | Checksum: 1ba77dccd

Time (s): cpu = 00:00:38 ; elapsed = 00:00:35 . Memory (MB): peak = 1376.051 ; gain = 162.902
INFO: [Route 35-16] Router Completed Successfully

Time (s): cpu = 00:00:38 ; elapsed = 00:00:35 . Memory (MB): peak = 1376.051 ; gain = 162.902

Routing Is Done.
INFO: [Common 17-83] Releasing license: Implementation
69 Infos, 0 Warnings, 0 Critical Warnings and 0 Errors encountered.
route_design completed successfully
route_design: Time (s): cpu = 00:00:41 ; elapsed = 00:00:37 . Memory (MB): peak = 1376.051 ; gain = 162.902
Netlist sorting complete. Time (s): cpu = 00:00:00 ; elapsed = 00:00:00 . Memory (MB): peak = 1376.051 ; gain = 0.000
INFO: [Timing 38-480] Writing timing data to binary archive.
Writing placer database...
Writing XDEF routing.
Writing XDEF routing logical nets.
Writing XDEF routing special nets.
Write XDEF Complete: Time (s): cpu = 00:00:00 ; elapsed = 00:00:00.120 . Memory (MB): peak = 1376.051 ; gain = 0.000
Netlist sorting complete. Time (s): cpu = 00:00:00 ; elapsed = 00:00:00 . Memory (MB): peak = 1376.051 ; gain = 0.000
INFO: [Common 17-1381] The checkpoint 'C:/Users/Leonardo/Documents/Arquivos Leonardo/UnB/9 Semestre/Projeto de Circuitos Reconfiguraveis/PCR/Listas_de_Exercicios/clkdiv/clkdiv.runs/impl_1/clockdiv10Hz_routed.dcp' has been generated.
INFO: [runtcl-4] Executing : report_drc -file clockdiv10Hz_drc_routed.rpt -pb clockdiv10Hz_drc_routed.pb -rpx clockdiv10Hz_drc_routed.rpx
Command: report_drc -file clockdiv10Hz_drc_routed.rpt -pb clockdiv10Hz_drc_routed.pb -rpx clockdiv10Hz_drc_routed.rpx
INFO: [IP_Flow 19-1839] IP Catalog is up to date.
INFO: [DRC 23-27] Running DRC with 2 threads
INFO: [Coretcl 2-168] The results of DRC are in file C:/Users/Leonardo/Documents/Arquivos Leonardo/UnB/9 Semestre/Projeto de Circuitos Reconfiguraveis/PCR/Listas_de_Exercicios/clkdiv/clkdiv.runs/impl_1/clockdiv10Hz_drc_routed.rpt.
report_drc completed successfully
INFO: [runtcl-4] Executing : report_methodology -file clockdiv10Hz_methodology_drc_routed.rpt -pb clockdiv10Hz_methodology_drc_routed.pb -rpx clockdiv10Hz_methodology_drc_routed.rpx
Command: report_methodology -file clockdiv10Hz_methodology_drc_routed.rpt -pb clockdiv10Hz_methodology_drc_routed.pb -rpx clockdiv10Hz_methodology_drc_routed.rpx
INFO: [Timing 38-35] Done setting XDC timing constraints.
INFO: [DRC 23-133] Running Methodology with 2 threads
INFO: [Coretcl 2-1520] The results of Report Methodology are in file C:/Users/Leonardo/Documents/Arquivos Leonardo/UnB/9 Semestre/Projeto de Circuitos Reconfiguraveis/PCR/Listas_de_Exercicios/clkdiv/clkdiv.runs/impl_1/clockdiv10Hz_methodology_drc_routed.rpt.
report_methodology completed successfully
INFO: [runtcl-4] Executing : report_power -file clockdiv10Hz_power_routed.rpt -pb clockdiv10Hz_power_summary_routed.pb -rpx clockdiv10Hz_power_routed.rpx
Command: report_power -file clockdiv10Hz_power_routed.rpt -pb clockdiv10Hz_power_summary_routed.pb -rpx clockdiv10Hz_power_routed.rpx
INFO: [Timing 38-35] Done setting XDC timing constraints.
Running Vector-less Activity Propagation...

Finished Running Vector-less Activity Propagation
81 Infos, 0 Warnings, 0 Critical Warnings and 0 Errors encountered.
report_power completed successfully
INFO: [runtcl-4] Executing : report_route_status -file clockdiv10Hz_route_status.rpt -pb clockdiv10Hz_route_status.pb
INFO: [runtcl-4] Executing : report_timing_summary -max_paths 10 -file clockdiv10Hz_timing_summary_routed.rpt -pb clockdiv10Hz_timing_summary_routed.pb -rpx clockdiv10Hz_timing_summary_routed.rpx -warn_on_violation 
INFO: [Timing 38-91] UpdateTimingParams: Speed grade: -1, Delay Type: min_max.
INFO: [Timing 38-191] Multithreading enabled for timing update using a maximum of 2 CPUs
INFO: [runtcl-4] Executing : report_incremental_reuse -file clockdiv10Hz_incremental_reuse_routed.rpt
INFO: [Vivado_Tcl 4-1062] Incremental flow is disabled. No incremental reuse Info to report.
INFO: [runtcl-4] Executing : report_clock_utilization -file clockdiv10Hz_clock_utilization_routed.rpt
INFO: [runtcl-4] Executing : report_bus_skew -warn_on_violation -file clockdiv10Hz_bus_skew_routed.rpt -pb clockdiv10Hz_bus_skew_routed.pb -rpx clockdiv10Hz_bus_skew_routed.rpx
INFO: [Timing 38-91] UpdateTimingParams: Speed grade: -1, Delay Type: min_max.
INFO: [Timing 38-191] Multithreading enabled for timing update using a maximum of 2 CPUs
INFO: [Common 17-206] Exiting Vivado at Tue Apr 30 09:57:02 2019...
